[00:00:03] [Server thread/WARN]: Mismatch in destroy block pos: gt{x=-82, y=100, z=-492} gt{x=-81, y=100, z=-492}
[00:00:03] [Server thread/WARN]: Mismatch in destroy block pos: gt{x=-82, y=100, z=-492} gt{x=-81, y=100, z=-492}
[00:00:03] [Server thread/WARN]: Mismatch in destroy block pos: gt{x=-82, y=100, z=-492} gt{x=-81, y=100, z=-492}
[00:00:03] [Server thread/WARN]: Mismatch in destroy block pos: gt{x=-82, y=100, z=-492} gt{x=-81, y=100, z=-492}
[00:00:03] [Server thread/WARN]: Mismatch in destroy block pos: gt{x=-82, y=100, z=-492} gt{x=-81, y=100, z=-492}
[00:00:04] [Server thread/WARN]: Mismatch in destroy block pos: gt{x=-82, y=100, z=-492} gt{x=-81, y=100, z=-492}
[00:00:04] [Server thread/WARN]: Mismatch in destroy block pos: gt{x=-82, y=100, z=-492} gt{x=-81, y=100, z=-492}
[00:00:04] [Server thread/WARN]: Mismatch in destroy block pos: gt{x=-82, y=100, z=-492} gt{x=-81, y=100, z=-492}
[00:00:04] [Server thread/WARN]: Mismatch in destroy block pos: gt{x=-82, y=100, z=-492} gt{x=-81, y=100, z=-492}
[00:00:04] [Server thread/WARN]: Mismatch in destroy block pos: gt{x=-82, y=100, z=-492} gt{x=-81, y=100, z=-492}
[00:00:04] [Server thread/WARN]: Mismatch in destroy block pos: gt{x=-82, y=100, z=-492} gt{x=-81, y=100, z=-492}
[00:00:04] [Server thread/WARN]: Mismatch in destroy block pos: gt{x=-82, y=100, z=-492} gt{x=-81, y=100, z=-492}
[00:00:04] [Server thread/WARN]: Mismatch in destroy block pos: gt{x=-82, y=100, z=-492} gt{x=-81, y=100, z=-492}
[00:00:04] [Server thread/WARN]: Mismatch in destroy block pos: gt{x=-82, y=100, z=-492} gt{x=-81, y=100, z=-492}
[00:02:16] [Server thread/WARN]: Mismatch in destroy block pos: gt{x=-102, y=94, z=-513} gt{x=-100, y=94, z=-510}
[00:02:17] [Server thread/WARN]: Mismatch in destroy block pos: gt{x=-102, y=94, z=-513} gt{x=-100, y=94, z=-510}
[00:02:17] [Server thread/WARN]: Mismatch in destroy block pos: gt{x=-102, y=94, z=-513} gt{x=-100, y=94, z=-510}
[00:04:37] [Server thread/INFO]: CHAN4869 has made the advancement [Fishy Business]
[00:05:01] [Server thread/WARN]: Mismatch in destroy block pos: gt{x=-86, y=91, z=-519} gt{x=-85, y=91, z=-519}
[00:05:01] [Server thread/WARN]: Mismatch in destroy block pos: gt{x=-86, y=91, z=-519} gt{x=-85, y=91, z=-519}
[00:05:02] [Server thread/WARN]: Mismatch in destroy block pos: gt{x=-86, y=91, z=-519} gt{x=-85, y=91, z=-519}
[00:05:02] [Server thread/WARN]: Mismatch in destroy block pos: gt{x=-86, y=91, z=-519} gt{x=-85, y=91, z=-519}
[00:05:02] [Server thread/WARN]: Mismatch in destroy block pos: gt{x=-86, y=91, z=-519} gt{x=-85, y=91, z=-519}
[00:05:02] [Server thread/WARN]: Mismatch in destroy block pos: gt{x=-86, y=91, z=-519} gt{x=-85, y=91, z=-519}
[00:05:14] [Server thread/WARN]: Mismatch in destroy block pos: gt{x=-100, y=92, z=-516} gt{x=-100, y=91, z=-516}
[00:05:14] [Server thread/WARN]: Mismatch in destroy block pos: gt{x=-100, y=92, z=-516} gt{x=-100, y=91, z=-516}
[00:05:14] [Server thread/WARN]: Mismatch in destroy block pos: gt{x=-100, y=92, z=-516} gt{x=-100, y=91, z=-516}
[00:05:14] [Server thread/WARN]: Mismatch in destroy block pos: gt{x=-100, y=92, z=-516} gt{x=-100, y=91, z=-516}
[00:05:14] [Server thread/WARN]: Mismatch in destroy block pos: gt{x=-100, y=92, z=-516} gt{x=-100, y=91, z=-516}
[00:05:14] [Server thread/WARN]: Mismatch in destroy block pos: gt{x=-100, y=92, z=-516} gt{x=-100, y=91, z=-516}
[00:05:14] [Server thread/WARN]: Mismatch in destroy block pos: gt{x=-100, y=92, z=-516} gt{x=-100, y=91, z=-516}
[00:05:14] [Server thread/WARN]: Mismatch in destroy block pos: gt{x=-100, y=92, z=-516} gt{x=-100, y=91, z=-516}
[00:05:14] [Server thread/WARN]: Mismatch in destroy block pos: gt{x=-100, y=92, z=-516} gt{x=-100, y=91, z=-516}
[00:05:14] [Server thread/WARN]: Mismatch in destroy block pos: gt{x=-100, y=92, z=-516} gt{x=-100, y=91, z=-516}
[00:05:14] [Server thread/WARN]: Mismatch in destroy block pos: gt{x=-100, y=92, z=-516} gt{x=-100, y=91, z=-516}
[00:05:14] [Server thread/WARN]: Mismatch in destroy block pos: gt{x=-100, y=92, z=-516} gt{x=-100, y=91, z=-516}
[00:05:14] [Server thread/WARN]: Mismatch in destroy block pos: gt{x=-100, y=92, z=-516} gt{x=-100, y=91, z=-516}
[00:05:14] [Server thread/WARN]: Mismatch in destroy block pos: gt{x=-100, y=92, z=-516} gt{x=-100, y=91, z=-516}
[00:05:14] [Server thread/WARN]: Mismatch in destroy block pos: gt{x=-100, y=92, z=-516} gt{x=-100, y=91, z=-516}
[00:05:52] [Server thread/WARN]: Mismatch in destroy block pos: gt{x=-88, y=85, z=-530} gt{x=-85, y=82, z=-532}
[00:05:52] [Server thread/WARN]: Mismatch in destroy block pos: gt{x=-88, y=85, z=-530} gt{x=-85, y=82, z=-532}
[00:05:52] [Server thread/WARN]: Mismatch in destroy block pos: gt{x=-88, y=85, z=-530} gt{x=-85, y=82, z=-532}
[00:05:52] [Server thread/WARN]: Mismatch in destroy block pos: gt{x=-88, y=85, z=-530} gt{x=-85, y=82, z=-532}
[00:05:52] [Server thread/WARN]: Mismatch in destroy block pos: gt{x=-88, y=85, z=-530} gt{x=-85, y=82, z=-532}
[00:06:10] [Server thread/WARN]: Mismatch in destroy block pos: gt{x=-88, y=87, z=-525} gt{x=-91, y=92, z=-509}
[00:06:10] [Server thread/WARN]: Mismatch in destroy block pos: gt{x=-88, y=87, z=-525} gt{x=-91, y=92, z=-509}
[00:06:10] [Server thread/WARN]: Mismatch in destroy block pos: gt{x=-88, y=87, z=-525} gt{x=-91, y=92, z=-509}
[00:06:10] [Server thread/WARN]: Mismatch in destroy block pos: gt{x=-88, y=87, z=-525} gt{x=-91, y=92, z=-509}
[00:06:10] [Server thread/WARN]: Mismatch in destroy block pos: gt{x=-88, y=87, z=-525} gt{x=-91, y=92, z=-509}
[00:06:10] [Server thread/WARN]: Mismatch in destroy block pos: gt{x=-88, y=87, z=-525} gt{x=-91, y=92, z=-509}
[00:06:10] [Server thread/WARN]: Mismatch in destroy block pos: gt{x=-88, y=87, z=-525} gt{x=-91, y=92, z=-509}
[00:06:10] [Server thread/WARN]: Mismatch in destroy block pos: gt{x=-88, y=87, z=-525} gt{x=-91, y=92, z=-509}
[00:06:10] [Server thread/WARN]: Mismatch in destroy block pos: gt{x=-88, y=87, z=-525} gt{x=-91, y=92, z=-509}
[00:06:10] [Server thread/WARN]: Mismatch in destroy block pos: gt{x=-88, y=87, z=-525} gt{x=-91, y=92, z=-509}
[00:06:12] [Server thread/WARN]: Mismatch in destroy block pos: gt{x=-90, y=91, z=-512} gt{x=-91, y=91, z=-512}
[00:06:12] [Server thread/WARN]: Mismatch in destroy block pos: gt{x=-90, y=91, z=-512} gt{x=-91, y=91, z=-512}
[00:06:12] [Server thread/WARN]: Mismatch in destroy block pos: gt{x=-90, y=91, z=-512} gt{x=-91, y=91, z=-512}
[00:06:12] [Server thread/WARN]: Mismatch in destroy block pos: gt{x=-90, y=91, z=-512} gt{x=-91, y=91, z=-512}
[00:06:12] [Server thread/WARN]: Mismatch in destroy block pos: gt{x=-90, y=91, z=-512} gt{x=-91, y=91, z=-512}
[00:06:12] [Server thread/WARN]: Mismatch in destroy block pos: gt{x=-90, y=91, z=-512} gt{x=-91, y=91, z=-512}
[00:06:13] [Server thread/WARN]: Mismatch in destroy block pos: gt{x=-90, y=91, z=-512} gt{x=-91, y=91, z=-512}
[00:06:19] [Server thread/WARN]: Mismatch in destroy block pos: gt{x=-84, y=88, z=-518} gt{x=-84, y=88, z=-519}
[00:06:19] [Server thread/WARN]: Mismatch in destroy block pos: gt{x=-84, y=88, z=-518} gt{x=-84, y=88, z=-519}
[00:06:19] [Server thread/WARN]: Mismatch in destroy block pos: gt{x=-84, y=88, z=-518} gt{x=-84, y=88, z=-519}
[00:06:19] [Server thread/WARN]: Mismatch in destroy block pos: gt{x=-84, y=88, z=-518} gt{x=-84, y=88, z=-519}
[00:06:19] [Server thread/WARN]: Mismatch in destroy block pos: gt{x=-84, y=88, z=-518} gt{x=-84, y=88, z=-519}
[00:06:19] [Server thread/WARN]: Mismatch in destroy block pos: gt{x=-84, y=88, z=-518} gt{x=-84, y=88, z=-519}
[00:06:19] [Server thread/WARN]: Mismatch in destroy block pos: gt{x=-84, y=88, z=-518} gt{x=-84, y=88, z=-519}
[00:06:19] [Server thread/WARN]: Mismatch in destroy block pos: gt{x=-84, y=88, z=-518} gt{x=-84, y=88, z=-519}
[00:06:19] [Server thread/WARN]: Mismatch in destroy block pos: gt{x=-84, y=88, z=-518} gt{x=-84, y=88, z=-519}
[00:06:19] [Server thread/WARN]: Mismatch in destroy block pos: gt{x=-84, y=88, z=-518} gt{x=-84, y=88, z=-519}
[00:06:19] [Server thread/WARN]: Mismatch in destroy block pos: gt{x=-84, y=88, z=-518} gt{x=-84, y=88, z=-519}
[00:06:19] [Server thread/WARN]: Mismatch in destroy block pos: gt{x=-84, y=88, z=-518} gt{x=-84, y=88, z=-519}
[00:06:54] [Server thread/WARN]: Mismatch in destroy block pos: gt{x=-97, y=88, z=-520} gt{x=-95, y=89, z=-521}
[00:06:54] [Server thread/WARN]: Mismatch in destroy block pos: gt{x=-97, y=88, z=-520} gt{x=-95, y=89, z=-521}
[00:06:54] [Server thread/WARN]: Mismatch in destroy block pos: gt{x=-97, y=88, z=-520} gt{x=-95, y=89, z=-521}
[00:06:54] [Server thread/WARN]: Mismatch in destroy block pos: gt{x=-97, y=88, z=-520} gt{x=-95, y=89, z=-521}
[00:06:55] [Server thread/WARN]: Mismatch in destroy block pos: gt{x=-97, y=88, z=-520} gt{x=-95, y=89, z=-521}
[00:06:55] [Server thread/WARN]: Mismatch in destroy block pos: gt{x=-97, y=88, z=-520} gt{x=-95, y=89, z=-521}
[00:06:55] [Server thread/WARN]: Mismatch in destroy block pos: gt{x=-97, y=88, z=-520} gt{x=-95, y=89, z=-521}
[00:06:55] [Server thread/WARN]: Mismatch in destroy block pos: gt{x=-97, y=88, z=-520} gt{x=-95, y=89, z=-521}
[00:06:55] [Server thread/WARN]: Mismatch in destroy block pos: gt{x=-97, y=88, z=-520} gt{x=-95, y=89, z=-521}
[00:06:57] [Server thread/WARN]: Mismatch in destroy block pos: gt{x=-88, y=88, z=-519} gt{x=-89, y=88, z=-520}
[00:06:58] [Server thread/WARN]: Mismatch in destroy block pos: gt{x=-88, y=88, z=-519} gt{x=-89, y=88, z=-520}
[00:06:58] [Server thread/WARN]: Mismatch in destroy block pos: gt{x=-88, y=88, z=-519} gt{x=-89, y=88, z=-520}
[00:06:58] [Server thread/WARN]: Mismatch in destroy block pos: gt{x=-88, y=88, z=-519} gt{x=-89, y=88, z=-520}
[00:06:58] [Server thread/WARN]: Mismatch in destroy block pos: gt{x=-88, y=88, z=-519} gt{x=-89, y=88, z=-520}
[00:06:58] [Server thread/WARN]: Mismatch in destroy block pos: gt{x=-88, y=88, z=-519} gt{x=-89, y=88, z=-520}
[00:06:58] [Server thread/WARN]: Mismatch in destroy block pos: gt{x=-88, y=88, z=-519} gt{x=-89, y=88, z=-520}
[00:06:58] [Server thread/WARN]: Mismatch in destroy block pos: gt{x=-88, y=88, z=-519} gt{x=-89, y=88, z=-520}
[00:06:58] [Server thread/WARN]: Mismatch in destroy block pos: gt{x=-88, y=88, z=-519} gt{x=-89, y=88, z=-520}
[00:06:58] [Server thread/WARN]: Mismatch in destroy block pos: gt{x=-88, y=88, z=-519} gt{x=-89, y=88, z=-520}
[00:06:58] [Server thread/WARN]: Mismatch in destroy block pos: gt{x=-88, y=88, z=-519} gt{x=-89, y=88, z=-520}
[00:06:58] [Server thread/WARN]: Mismatch in destroy block pos: gt{x=-88, y=88, z=-519} gt{x=-89, y=88, z=-520}
[00:06:58] [Server thread/WARN]: Mismatch in destroy block pos: gt{x=-88, y=88, z=-519} gt{x=-89, y=88, z=-520}
[00:06:58] [Server thread/WARN]: Mismatch in destroy block pos: gt{x=-88, y=88, z=-519} gt{x=-89, y=88, z=-520}
[00:06:58] [Server thread/WARN]: Mismatch in destroy block pos: gt{x=-88, y=88, z=-519} gt{x=-89, y=88, z=-520}
[00:06:58] [Server thread/WARN]: Mismatch in destroy block pos: gt{x=-88, y=88, z=-519} gt{x=-89, y=88, z=-520}
[00:06:58] [Server thread/WARN]: Mismatch in destroy block pos: gt{x=-88, y=88, z=-519} gt{x=-89, y=88, z=-520}
[00:06:58] [Server thread/WARN]: Mismatch in destroy block pos: gt{x=-88, y=88, z=-519} gt{x=-89, y=88, z=-520}
[00:07:18] [Server thread/WARN]: Mismatch in destroy block pos: gt{x=-83, y=86, z=-525} gt{x=-84, y=86, z=-525}
[00:07:18] [Server thread/WARN]: Mismatch in destroy block pos: gt{x=-83, y=86, z=-525} gt{x=-84, y=86, z=-525}
[00:07:18] [Server thread/WARN]: Mismatch in destroy block pos: gt{x=-85, y=86, z=-525} gt{x=-84, y=86, z=-525}
[00:07:31] [Server thread/WARN]: Mismatch in destroy block pos: gt{x=-83, y=84, z=-529} gt{x=-86, y=82, z=-532}
[00:07:31] [Server thread/WARN]: Mismatch in destroy block pos: gt{x=-83, y=84, z=-529} gt{x=-86, y=82, z=-532}
[00:07:31] [Server thread/WARN]: Mismatch in destroy block pos: gt{x=-86, y=82, z=-531} gt{x=-86, y=82, z=-532}
[00:07:47] [Server thread/WARN]: Mismatch in destroy block pos: gt{x=-96, y=84, z=-531} gt{x=-95, y=83, z=-532}
[00:07:47] [Server thread/WARN]: Mismatch in destroy block pos: gt{x=-96, y=84, z=-531} gt{x=-95, y=83, z=-532}
[00:07:47] [Server thread/WARN]: Mismatch in destroy block pos: gt{x=-96, y=84, z=-531} gt{x=-95, y=83, z=-532}
[00:07:47] [Server thread/WARN]: Mismatch in destroy block pos: gt{x=-96, y=84, z=-531} gt{x=-95, y=83, z=-532}
[00:08:00] [Server thread/WARN]: Mismatch in destroy block pos: gt{x=-94, y=90, z=-519} gt{x=-94, y=89, z=-518}
[00:08:00] [Server thread/WARN]: Mismatch in destroy block pos: gt{x=-94, y=90, z=-519} gt{x=-94, y=89, z=-518}
[00:08:00] [Server thread/WARN]: Mismatch in destroy block pos: gt{x=-94, y=90, z=-519} gt{x=-94, y=89, z=-518}
[00:08:00] [Server thread/WARN]: Mismatch in destroy block pos: gt{x=-94, y=90, z=-519} gt{x=-94, y=89, z=-518}
[00:08:00] [Server thread/WARN]: Mismatch in destroy block pos: gt{x=-94, y=90, z=-519} gt{x=-94, y=89, z=-518}
[00:08:00] [Server thread/WARN]: Mismatch in destroy block pos: gt{x=-94, y=90, z=-519} gt{x=-94, y=89, z=-518}
[00:08:00] [Server thread/WARN]: Mismatch in destroy block pos: gt{x=-94, y=90, z=-519} gt{x=-94, y=89, z=-518}
[00:08:00] [Server thread/WARN]: Mismatch in destroy block pos: gt{x=-94, y=90, z=-519} gt{x=-94, y=89, z=-518}
[00:08:00] [Server thread/WARN]: Mismatch in destroy block pos: gt{x=-94, y=90, z=-519} gt{x=-94, y=89, z=-518}
[00:08:00] [Server thread/WARN]: Mismatch in destroy block pos: gt{x=-94, y=90, z=-519} gt{x=-94, y=89, z=-518}
[00:08:11] [Server thread/WARN]: Mismatch in destroy block pos: gt{x=-95, y=91, z=-511} gt{x=-94, y=91, z=-512}
[00:08:11] [Server thread/WARN]: Mismatch in destroy block pos: gt{x=-95, y=91, z=-511} gt{x=-94, y=91, z=-512}
[00:08:12] [Server thread/WARN]: Mismatch in destroy block pos: gt{x=-92, y=91, z=-511} gt{x=-92, y=90, z=-511}
[00:08:12] [Server thread/WARN]: Mismatch in destroy block pos: gt{x=-92, y=91, z=-511} gt{x=-92, y=90, z=-511}
[00:08:12] [Server thread/WARN]: Mismatch in destroy block pos: gt{x=-92, y=91, z=-511} gt{x=-92, y=90, z=-511}
[00:08:12] [Server thread/WARN]: Mismatch in destroy block pos: gt{x=-92, y=91, z=-511} gt{x=-92, y=90, z=-511}
[00:08:12] [Server thread/WARN]: Mismatch in destroy block pos: gt{x=-92, y=91, z=-511} gt{x=-92, y=90, z=-511}
[00:08:12] [Server thread/WARN]: Mismatch in destroy block pos: gt{x=-92, y=91, z=-511} gt{x=-92, y=90, z=-511}
[00:08:30] [Server thread/WARN]: Mismatch in destroy block pos: gt{x=-102, y=93, z=-510} gt{x=-102, y=92, z=-510}
[00:08:33] [Server thread/WARN]: Mismatch in destroy block pos: gt{x=-102, y=93, z=-510} gt{x=-107, y=92, z=-515}
[00:08:33] [Server thread/WARN]: Mismatch in destroy block pos: gt{x=-102, y=93, z=-510} gt{x=-107, y=92, z=-515}
[00:08:33] [Server thread/WARN]: Mismatch in destroy block pos: gt{x=-102, y=93, z=-510} gt{x=-107, y=92, z=-515}
[00:08:33] [Server thread/WARN]: Mismatch in destroy block pos: gt{x=-102, y=93, z=-510} gt{x=-107, y=92, z=-515}
[00:08:33] [Server thread/WARN]: Mismatch in destroy block pos: gt{x=-102, y=93, z=-510} gt{x=-107, y=92, z=-515}
[00:08:33] [Server thread/WARN]: Mismatch in destroy block pos: gt{x=-102, y=93, z=-510} gt{x=-107, y=92, z=-515}
[00:08:33] [Server thread/WARN]: Mismatch in destroy block pos: gt{x=-102, y=93, z=-510} gt{x=-107, y=92, z=-515}
[00:08:34] [Server thread/WARN]: Mismatch in destroy block pos: gt{x=-102, y=93, z=-510} gt{x=-107, y=92, z=-515}
[00:08:34] [Server thread/WARN]: Mismatch in destroy block pos: gt{x=-102, y=93, z=-510} gt{x=-107, y=92, z=-515}
[00:08:34] [Server thread/WARN]: Mismatch in destroy block pos: gt{x=-102, y=93, z=-510} gt{x=-107, y=92, z=-515}
[00:08:34] [Server thread/WARN]: Mismatch in destroy block pos: gt{x=-102, y=93, z=-510} gt{x=-107, y=92, z=-515}
[00:08:34] [Server thread/WARN]: Mismatch in destroy block pos: gt{x=-102, y=93, z=-510} gt{x=-107, y=92, z=-515}
[00:08:34] [Server thread/WARN]: Mismatch in destroy block pos: gt{x=-102, y=93, z=-510} gt{x=-107, y=92, z=-515}
[00:08:34] [Server thread/WARN]: Mismatch in destroy block pos: gt{x=-102, y=93, z=-510} gt{x=-107, y=92, z=-515}
[00:08:34] [Server thread/WARN]: Mismatch in destroy block pos: gt{x=-102, y=93, z=-510} gt{x=-107, y=92, z=-515}
[00:08:34] [Server thread/WARN]: Mismatch in destroy block pos: gt{x=-102, y=93, z=-510} gt{x=-107, y=92, z=-515}
[00:08:34] [Server thread/WARN]: Mismatch in destroy block pos: gt{x=-102, y=93, z=-510} gt{x=-107, y=92, z=-515}
[00:08:34] [Server thread/WARN]: Mismatch in destroy block pos: gt{x=-102, y=93, z=-510} gt{x=-107, y=92, z=-515}
[00:12:29] [Server thread/INFO]: hayatohayato has made the advancement [What a Deal!]
[00:15:50] [Server thread/INFO]: CHAN4869 has made the advancement [Eye Spy]
[00:15:55] [Server thread/INFO]: CHAN4869 has made the advancement [The End?]
[00:16:35] [Server thread/INFO]: hayatohayato has made the advancement [Cover Me with Diamonds]
[00:22:56] [Server thread/WARN]: Mismatch in destroy block pos: gt{x=-144, y=38, z=-493} gt{x=-145, y=38, z=-493}
[00:22:56] [Server thread/WARN]: Mismatch in destroy block pos: gt{x=-144, y=38, z=-493} gt{x=-145, y=38, z=-493}
[00:22:56] [Server thread/WARN]: Mismatch in destroy block pos: gt{x=-144, y=38, z=-493} gt{x=-145, y=38, z=-493}
[00:22:57] [Server thread/WARN]: Mismatch in destroy block pos: gt{x=-144, y=38, z=-493} gt{x=-145, y=38, z=-493}
[00:22:57] [Server thread/WARN]: Mismatch in destroy block pos: gt{x=-144, y=38, z=-493} gt{x=-145, y=38, z=-493}
[00:22:57] [Server thread/WARN]: Mismatch in destroy block pos: gt{x=-144, y=38, z=-493} gt{x=-145, y=38, z=-493}
[00:22:57] [Server thread/WARN]: Mismatch in destroy block pos: gt{x=-144, y=38, z=-493} gt{x=-145, y=38, z=-493}
[00:22:57] [Server thread/WARN]: Mismatch in destroy block pos: gt{x=-144, y=38, z=-493} gt{x=-145, y=38, z=-493}
[00:22:57] [Server thread/WARN]: Mismatch in destroy block pos: gt{x=-144, y=38, z=-493} gt{x=-145, y=38, z=-493}
[00:23:02] [Server thread/WARN]: Mismatch in destroy block pos: gt{x=-142, y=37, z=-494} gt{x=-140, y=36, z=-494}
[00:23:02] [Server thread/WARN]: Mismatch in destroy block pos: gt{x=-142, y=37, z=-494} gt{x=-140, y=36, z=-494}
[00:23:29] [Server thread/WARN]: Mismatch in destroy block pos: gt{x=366, y=67, z=1683} gt{x=366, y=66, z=1683}
[00:23:29] [Server thread/WARN]: Mismatch in destroy block pos: gt{x=366, y=67, z=1683} gt{x=366, y=66, z=1683}
[00:23:32] [Server thread/WARN]: Mismatch in destroy block pos: gt{x=-145, y=39, z=-490} gt{x=-144, y=39, z=-490}
[00:23:33] [Server thread/WARN]: Mismatch in destroy block pos: gt{x=-145, y=39, z=-490} gt{x=-144, y=39, z=-490}
[00:23:33] [Server thread/WARN]: Mismatch in destroy block pos: gt{x=-145, y=39, z=-490} gt{x=-144, y=39, z=-490}
[00:24:38] [Server thread/WARN]: Mismatch in destroy block pos: gt{x=-138, y=41, z=-484} gt{x=-139, y=42, z=-483}
[00:25:45] [Server thread/WARN]: Mismatch in destroy block pos: gt{x=-141, y=38, z=-485} gt{x=-142, y=38, z=-485}
[00:25:45] [Server thread/WARN]: Mismatch in destroy block pos: gt{x=-141, y=38, z=-485} gt{x=-142, y=38, z=-485}
[00:25:45] [Server thread/WARN]: Mismatch in destroy block pos: gt{x=-141, y=38, z=-485} gt{x=-142, y=38, z=-485}
[00:25:45] [Server thread/WARN]: Mismatch in destroy block pos: gt{x=-141, y=38, z=-485} gt{x=-142, y=38, z=-485}
[00:25:46] [Server thread/WARN]: Mismatch in destroy block pos: gt{x=-140, y=39, z=-485} gt{x=-142, y=39, z=-485}
[00:25:46] [Server thread/WARN]: Mismatch in destroy block pos: gt{x=-140, y=39, z=-485} gt{x=-142, y=39, z=-485}
[00:25:46] [Server thread/WARN]: Mismatch in destroy block pos: gt{x=-140, y=39, z=-485} gt{x=-142, y=39, z=-485}
[00:25:46] [Server thread/WARN]: Mismatch in destroy block pos: gt{x=-140, y=39, z=-485} gt{x=-142, y=39, z=-485}
[00:25:46] [Server thread/WARN]: Mismatch in destroy block pos: gt{x=-140, y=39, z=-485} gt{x=-142, y=39, z=-485}
[00:25:46] [Server thread/WARN]: Mismatch in destroy block pos: gt{x=-140, y=39, z=-485} gt{x=-142, y=39, z=-485}
[00:25:47] [Server thread/WARN]: Mismatch in destroy block pos: gt{x=-140, y=39, z=-485} gt{x=-142, y=39, z=-485}
[00:25:47] [Server thread/WARN]: Mismatch in destroy block pos: gt{x=-140, y=39, z=-485} gt{x=-142, y=39, z=-485}
[00:25:47] [Server thread/WARN]: Mismatch in destroy block pos: gt{x=-140, y=39, z=-485} gt{x=-142, y=39, z=-485}
[00:25:47] [Server thread/WARN]: Mismatch in destroy block pos: gt{x=-140, y=39, z=-485} gt{x=-142, y=39, z=-485}
[00:25:47] [Server thread/WARN]: Mismatch in destroy block pos: gt{x=-140, y=39, z=-485} gt{x=-142, y=39, z=-485}
[00:26:06] [Server thread/WARN]: Mismatch in destroy block pos: gt{x=-147, y=41, z=-487} gt{x=-150, y=41, z=-490}
[00:26:06] [Server thread/WARN]: Mismatch in destroy block pos: gt{x=-147, y=41, z=-487} gt{x=-150, y=41, z=-490}
[00:26:19] [Server thread/WARN]: Mismatch in destroy block pos: gt{x=-150, y=43, z=-486} gt{x=-150, y=42, z=-485}
[00:26:19] [Server thread/WARN]: Mismatch in destroy block pos: gt{x=-150, y=43, z=-486} gt{x=-150, y=42, z=-485}
[00:26:19] [Server thread/WARN]: Mismatch in destroy block pos: gt{x=-150, y=43, z=-486} gt{x=-150, y=42, z=-485}
[00:26:19] [Server thread/WARN]: Mismatch in destroy block pos: gt{x=-150, y=43, z=-486} gt{x=-150, y=42, z=-485}
[00:26:19] [Server thread/WARN]: Mismatch in destroy block pos: gt{x=-150, y=43, z=-486} gt{x=-150, y=42, z=-485}
[00:26:19] [Server thread/WARN]: Mismatch in destroy block pos: gt{x=-150, y=43, z=-486} gt{x=-150, y=42, z=-485}
[00:26:19] [Server thread/WARN]: Mismatch in destroy block pos: gt{x=-150, y=43, z=-486} gt{x=-150, y=42, z=-485}
[00:26:19] [Server thread/WARN]: Mismatch in destroy block pos: gt{x=-150, y=43, z=-486} gt{x=-150, y=42, z=-485}
[00:29:30] [Server thread/WARN]: Mismatch in destroy block pos: gt{x=-156, y=45, z=-484} gt{x=-160, y=46, z=-489}
[00:29:30] [Server thread/WARN]: Mismatch in destroy block pos: gt{x=-156, y=45, z=-484} gt{x=-160, y=46, z=-489}
[00:29:30] [Server thread/WARN]: Mismatch in destroy block pos: gt{x=-156, y=45, z=-484} gt{x=-160, y=46, z=-489}
[00:31:17] [Server thread/WARN]: Mismatch in destroy block pos: gt{x=-158, y=39, z=-484} gt{x=-158, y=38, z=-484}
[00:31:17] [Server thread/WARN]: Mismatch in destroy block pos: gt{x=-158, y=39, z=-484} gt{x=-158, y=38, z=-484}
[00:31:17] [Server thread/WARN]: Mismatch in destroy block pos: gt{x=-158, y=39, z=-484} gt{x=-158, y=38, z=-484}
[00:33:41] [Server thread/WARN]: Mismatch in destroy block pos: gt{x=-158, y=31, z=-491} gt{x=-158, y=32, z=-489}
[00:33:41] [Server thread/WARN]: Mismatch in destroy block pos: gt{x=-158, y=31, z=-491} gt{x=-158, y=32, z=-489}
[00:33:41] [Server thread/WARN]: Mismatch in destroy block pos: gt{x=-158, y=31, z=-491} gt{x=-158, y=32, z=-489}
[00:33:41] [Server thread/WARN]: Mismatch in destroy block pos: gt{x=-158, y=31, z=-491} gt{x=-158, y=32, z=-489}
[00:36:43] [Server thread/WARN]: Mismatch in destroy block pos: gt{x=-150, y=47, z=-480} gt{x=-149, y=46, z=-483}
[00:36:43] [Server thread/WARN]: Mismatch in destroy block pos: gt{x=-150, y=47, z=-480} gt{x=-149, y=46, z=-483}
[00:36:43] [Server thread/WARN]: Mismatch in destroy block pos: gt{x=-150, y=47, z=-480} gt{x=-149, y=46, z=-483}
[00:36:43] [Server thread/WARN]: Mismatch in destroy block pos: gt{x=-150, y=47, z=-480} gt{x=-149, y=46, z=-483}
[00:36:43] [Server thread/WARN]: Mismatch in destroy block pos: gt{x=-150, y=47, z=-480} gt{x=-149, y=46, z=-483}
[00:39:26] [Server thread/INFO]: CHAN4869 has made the advancement [Enchanter]
[00:39:33] [Server thread/WARN]: Mismatch in destroy block pos: gt{x=-148, y=37, z=-487} gt{x=-148, y=36, z=-487}
[00:39:33] [Server thread/WARN]: Mismatch in destroy block pos: gt{x=-148, y=37, z=-487} gt{x=-148, y=36, z=-487}
[00:39:33] [Server thread/WARN]: Mismatch in destroy block pos: gt{x=-148, y=37, z=-487} gt{x=-148, y=36, z=-487}
[00:39:33] [Server thread/WARN]: Mismatch in destroy block pos: gt{x=-148, y=37, z=-487} gt{x=-148, y=36, z=-487}
[00:39:47] [Server thread/WARN]: Mismatch in destroy block pos: gt{x=-150, y=38, z=-482} gt{x=-150, y=38, z=-481}
[00:39:47] [Server thread/WARN]: Mismatch in destroy block pos: gt{x=-150, y=38, z=-482} gt{x=-150, y=38, z=-481}
[00:40:26] [Server thread/WARN]: Mismatch in destroy block pos: gt{x=-150, y=33, z=-487} gt{x=-150, y=32, z=-487}
[00:40:26] [Server thread/WARN]: Mismatch in destroy block pos: gt{x=-150, y=33, z=-487} gt{x=-150, y=32, z=-487}
[00:40:26] [Server thread/WARN]: Mismatch in destroy block pos: gt{x=-150, y=33, z=-487} gt{x=-150, y=32, z=-487}
[00:40:26] [Server thread/WARN]: Mismatch in destroy block pos: gt{x=-150, y=33, z=-487} gt{x=-150, y=32, z=-487}
[00:40:26] [Server thread/WARN]: Mismatch in destroy block pos: gt{x=-150, y=33, z=-487} gt{x=-150, y=32, z=-487}
[00:41:11] [Server thread/WARN]: Mismatch in destroy block pos: gt{x=-141, y=34, z=-479} gt{x=-141, y=34, z=-480}
[00:41:11] [Server thread/WARN]: Mismatch in destroy block pos: gt{x=-141, y=34, z=-479} gt{x=-141, y=34, z=-480}
[00:41:11] [Server thread/WARN]: Mismatch in destroy block pos: gt{x=-141, y=34, z=-479} gt{x=-141, y=34, z=-480}
[00:46:35] [Server thread/INFO]: [hayatohayato: Set the weather to clear]
[00:51:37] [Server thread/INFO]: [hayatohayato: Set the weather to clear]
[00:59:44] [Server thread/WARN]: Mismatch in destroy block pos: gt{x=377, y=65, z=1694} gt{x=377, y=63, z=1695}
[00:59:51] [Server thread/INFO]: hayatohayato has made the advancement [Voluntary Exile]
[01:00:44] [Server thread/WARN]: Mismatch in destroy block pos: gt{x=378, y=68, z=1711} gt{x=377, y=67, z=1711}
[01:00:44] [Server thread/WARN]: Mismatch in destroy block pos: gt{x=378, y=68, z=1711} gt{x=377, y=67, z=1711}
[01:00:44] [Server thread/WARN]: Mismatch in destroy block pos: gt{x=378, y=68, z=1711} gt{x=377, y=67, z=1711}
[01:09:01] [Server thread/INFO]: CHAN4869 has made the advancement [Sweet Dreams]
[01:33:01] [Server thread/WARN]: Mismatch in destroy block pos: gt{x=353, y=67, z=1706} gt{x=353, y=67, z=1707}
[01:34:30] [Server thread/WARN]: Mismatch in destroy block pos: gt{x=366, y=67, z=1707} gt{x=365, y=67, z=1707}
[01:34:31] [Server thread/WARN]: Mismatch in destroy block pos: gt{x=366, y=67, z=1707} gt{x=364, y=67, z=1708}
[01:34:31] [Server thread/WARN]: Mismatch in destroy block pos: gt{x=366, y=67, z=1707} gt{x=364, y=67, z=1708}
[01:39:59] [Server thread/WARN]: Mismatch in destroy block pos: gt{x=172, y=24, z=1774} gt{x=172, y=25, z=1771}
[02:00:38] [Server thread/INFO]: tantanpanda0513 was slain by Vex
[02:03:27] [Server thread/WARN]: Mismatch in destroy block pos: gt{x=382, y=67, z=1706} gt{x=382, y=66, z=1707}
[02:03:30] [Server thread/WARN]: Mismatch in destroy block pos: gt{x=380, y=66, z=1708} gt{x=380, y=65, z=1707}
[02:03:30] [Server thread/WARN]: Mismatch in destroy block pos: gt{x=380, y=66, z=1708} gt{x=380, y=65, z=1707}
[02:05:17] [Server thread/WARN]: Mismatch in destroy block pos: gt{x=381, y=65, z=1692} gt{x=381, y=64, z=1693}
[02:05:17] [Server thread/WARN]: Mismatch in destroy block pos: gt{x=381, y=65, z=1692} gt{x=381, y=64, z=1693}
[02:05:17] [Server thread/WARN]: Mismatch in destroy block pos: gt{x=381, y=65, z=1692} gt{x=381, y=64, z=1693}
[02:05:17] [Server thread/WARN]: Mismatch in destroy block pos: gt{x=381, y=65, z=1692} gt{x=381, y=64, z=1693}
[02:05:17] [Server thread/WARN]: Mismatch in destroy block pos: gt{x=381, y=65, z=1692} gt{x=381, y=64, z=1693}
[02:15:48] [Server thread/INFO]: CHAN4869 lost connection: Disconnected
[02:15:48] [Server thread/INFO]: CHAN4869 left the game
[02:19:33] [Server thread/INFO]: tantanpanda0513 lost connection: Disconnected
[02:19:33] [Server thread/INFO]: tantanpanda0513 left the game
[02:21:58] [Server thread/INFO]: tenpensizimi has made the advancement [The Parrots and the Bats]
[02:24:46] [Server thread/INFO]: KURYU0911 has made the advancement [Voluntary Exile]
[02:25:16] [Server thread/INFO]: hayatohayato has completed the challenge [Hero of the Village]
[02:25:16] [Server thread/INFO]: KURYU0911 has completed the challenge [Hero of the Village]
[02:30:41] [Server thread/INFO]: KURYU0911 has made the advancement [What a Deal!]
[02:41:31] [Server thread/INFO]: hayatohayato has made the advancement [Getting an Upgrade]
[02:45:22] [Server thread/WARN]: Can't keep up! Is the server overloaded? Running 2133ms or 42 ticks behind
[02:45:22] [Server thread/WARN]: KURYU0911 moved too quickly! 7.7118878035650935,0.0,6.680771299776836
[02:46:20] [Server thread/WARN]: Mismatch in destroy block pos: gt{x=370, y=67, z=1680} gt{x=371, y=66, z=1680}
[02:50:23] [Server thread/WARN]: hayatohayato moved too quickly! -1.3824063878216748,-1.2046003784434305,10.125522060485764
[02:50:23] [Server thread/WARN]: tenpensizimi moved too quickly! 1.327231628597815,-6.109552546740019,8.170258758707888
[03:13:34] [Server thread/INFO]: tenpensizimi has made the advancement [Local Brewery]
[03:13:58] [Server thread/INFO]: KURYU0911 has made the advancement [Local Brewery]
[03:35:23] [Server thread/INFO]: [hayatohayato: The difficulty has been set to Hard]
[03:42:23] [Server thread/INFO]: hayatohayato has made the advancement [Hot Stuff]
[03:46:29] [Server thread/INFO]: [hayatohayato: Set the weather to clear]
[03:49:11] [Server thread/INFO]: hayatohayato has made the advancement [Local Brewery]
[03:51:35] [Server thread/INFO]: [hayatohayato: Set the weather to clear]
[03:51:59] [Server thread/INFO]: Villager bss['Toolsmith'/292631, l='ServerLevel[world]', x=350.55, y=73.56, z=1842.63] died, message: 'Toolsmith was slain by Zombie'
[03:52:42] [Server thread/INFO]: tenpensizimi has completed the challenge [It Spreads]
[03:52:58] [Server thread/INFO]: hayatohayato has completed the challenge [It Spreads]
[03:56:39] [Server thread/INFO]: [hayatohayato: Set the weather to clear]
[03:58:15] [Server thread/WARN]: Mismatch in destroy block pos: gt{x=324, y=62, z=1702} gt{x=324, y=61, z=1702}
[03:58:15] [Server thread/WARN]: Mismatch in destroy block pos: gt{x=324, y=62, z=1702} gt{x=324, y=61, z=1702}
[03:58:16] [Server thread/WARN]: Mismatch in destroy block pos: gt{x=324, y=62, z=1702} gt{x=324, y=60, z=1701}
[04:01:15] [Server thread/INFO]: tenpensizimi has reached the goal [Zombie Doctor]
[04:01:18] [Server thread/INFO]: KURYU0911 has completed the challenge [It Spreads]
[04:01:55] [Server thread/INFO]: [hayatohayato: Set the weather to clear]
[04:05:58] [Server thread/WARN]: Mismatch in destroy block pos: gt{x=324, y=22, z=1658} gt{x=325, y=21, z=1658}
[04:07:10] [Server thread/INFO]: KURYU0911 has made the advancement [Best Friends Forever]
[04:07:40] [Server thread/INFO]: [hayatohayato: Set the weather to clear]
[04:14:42] [Server thread/INFO]: [hayatohayato: Set the weather to clear]
[04:22:25] [Server thread/INFO]: [hayatohayato: Set the weather to clear]
[04:23:24] [Server thread/INFO]: Villager bss['Mason'/292635, l='ServerLevel[world]', x=346.70, y=73.00, z=1841.30] died, message: 'Mason was slain by Zombie'
[04:23:28] [Server thread/INFO]: Villager bss['Armorer'/292638, l='ServerLevel[world]', x=344.51, y=74.00, z=1849.68] died, message: 'Armorer was slain by Zombie'
[04:23:33] [Server thread/INFO]: Villager bss['Weaponsmith'/292634, l='ServerLevel[world]', x=346.30, y=73.00, z=1850.87] died, message: 'Weaponsmith was slain by Zombie'
[04:23:38] [Server thread/INFO]: Villager bss['Librarian'/292636, l='ServerLevel[world]', x=344.30, y=73.00, z=1848.82] died, message: 'Librarian was slain by Zombie'
[04:27:00] [Server thread/INFO]: tenpensizimi was slain by Zombie Villager
[04:27:06] [Server thread/INFO]: tenpensizimi was slain by Zombie Villager
[04:27:12] [Server thread/INFO]: tenpensizimi was slain by Zombie Villager
[04:27:19] [Server thread/INFO]: tenpensizimi was slain by Zombie Villager
[04:27:26] [Server thread/INFO]: tenpensizimi was slain by Zombie Villager
[04:27:30] [Server thread/INFO]: [hayatohayato: Set the weather to clear]
[04:27:34] [Server thread/INFO]: tenpensizimi was slain by Zombie Villager
[04:27:39] [Server thread/INFO]: tenpensizimi was slain by Zombie Villager
[04:32:33] [Server thread/INFO]: [hayatohayato: Set the weather to clear]
[04:33:59] [Server thread/INFO]: hayatohayato has made the advancement [Best Friends Forever]
[04:37:36] [Server thread/INFO]: [hayatohayato: Set the weather to clear]
[04:42:38] [Server thread/INFO]: [hayatohayato: Set the weather to clear]
[04:47:41] [Server thread/INFO]: [hayatohayato: Set the weather to clear]
[04:53:25] [Server thread/INFO]: [hayatohayato: Set the weather to clear]
[04:54:28] [Server thread/INFO]: Villager bss['Villager'/321876, l='ServerLevel[world]', x=333.22, y=73.00, z=1850.62] died, message: 'Villager was slain by Zombie'
[04:54:57] [Server thread/INFO]: Villager bss['Weaponsmith'/319759, l='ServerLevel[world]', x=342.30, y=73.56, z=1851.56] died, message: 'Weaponsmith was slain by Zombie'
[04:55:07] [Server thread/INFO]: Villager bss['Mason'/292640, l='ServerLevel[world]', x=334.99, y=73.88, z=1841.48] died, message: 'Mason was slain by Zombie'
[04:55:12] [Server thread/INFO]: Villager bss['Villager'/321749, l='ServerLevel[world]', x=332.85, y=73.94, z=1850.47] died, message: 'Villager was slain by Zombie Villager'
[04:55:19] [Server thread/INFO]: Villager bss['Librarian'/319692, l='ServerLevel[world]', x=332.54, y=73.54, z=1842.92] died, message: 'Librarian was slain by Zombie Villager'
[04:55:29] [Server thread/INFO]: Villager bss['Toolsmith'/311903, l='ServerLevel[world]', x=346.57, y=73.00, z=1850.76] died, message: 'Toolsmith was slain by Zombie'
[04:55:33] [Server thread/INFO]: Villager bss['Mason'/292639, l='ServerLevel[world]', x=346.67, y=73.00, z=1851.47] died, message: 'Mason was slain by Zombie'
[04:55:44] [Server thread/INFO]: Villager bss['Weaponsmith'/292637, l='ServerLevel[world]', x=335.30, y=73.00, z=1849.60] died, message: 'Weaponsmith was slain by Zombie'
[04:55:44] [Server thread/INFO]: Villager bss['Mason'/292633, l='ServerLevel[world]', x=335.30, y=73.00, z=1849.06] died, message: 'Mason was slain by Zombie'
[04:55:48] [Server thread/INFO]: Villager bss['Mason'/292629, l='ServerLevel[world]', x=333.70, y=73.00, z=1849.68] died, message: 'Mason was slain by Zombie Villager'
[05:02:17] [Server thread/INFO]: KURYU0911 lost connection: Disconnected
[05:02:17] [Server thread/INFO]: KURYU0911 left the game
[05:32:28] [Server thread/INFO]: [hayatohayato: Set the weather to clear]
[05:34:06] [Server thread/WARN]: Mismatch in destroy block pos: gt{x=381, y=67, z=1720} gt{x=380, y=67, z=1720}
[05:34:06] [Server thread/WARN]: Mismatch in destroy block pos: gt{x=381, y=67, z=1720} gt{x=380, y=67, z=1720}
[05:34:06] [Server thread/WARN]: Mismatch in destroy block pos: gt{x=381, y=67, z=1720} gt{x=380, y=67, z=1720}
[05:37:21] [Server thread/WARN]: Mismatch in destroy block pos: gt{x=424, y=67, z=2125} gt{x=425, y=66, z=2124}
[05:37:21] [Server thread/WARN]: Mismatch in destroy block pos: gt{x=424, y=67, z=2125} gt{x=425, y=66, z=2124}
[05:37:32] [Server thread/INFO]: [hayatohayato: Set the weather to clear]
[05:42:35] [Server thread/INFO]: [hayatohayato: Set the weather to clear]
[05:47:38] [Server thread/INFO]: [hayatohayato: Set the weather to clear]
[05:52:41] [Server thread/INFO]: [hayatohayato: Set the weather to clear]
[05:57:44] [Server thread/INFO]: [hayatohayato: Set the weather to clear]
[06:02:48] [Server thread/INFO]: [hayatohayato: Set the weather to clear]
[06:07:43] [Server thread/INFO]: hayatohayato has made the advancement [The Parrots and the Bats]
[06:07:51] [Server thread/INFO]: [hayatohayato: Set the weather to clear]
[06:10:54] [Server thread/WARN]: Mismatch in destroy block pos: gt{x=339, y=73, z=1842} gt{x=343, y=75, z=1845}
[06:10:54] [Server thread/WARN]: Mismatch in destroy block pos: gt{x=343, y=74, z=1845} gt{x=343, y=75, z=1845}
[06:13:18] [Server thread/INFO]: [hayatohayato: Set the weather to clear]
[06:16:11] [Server thread/WARN]: Mismatch in destroy block pos: gt{x=376, y=69, z=1725} gt{x=376, y=68, z=1726}
[06:18:21] [Server thread/INFO]: [hayatohayato: Set the weather to clear]
[06:23:35] [Server thread/INFO]: [hayatohayato: Set the weather to clear]
[06:28:40] [Server thread/INFO]: [hayatohayato: Set the weather to clear]
[06:32:07] [Server thread/INFO]: [hayatohayato: Set own game mode to Creative Mode]
[06:32:54] [Server thread/INFO]: [hayatohayato: Set own game mode to Survival Mode]
[06:33:51] [Server thread/INFO]: [hayatohayato: Set the weather to clear]
[06:36:06] [Server thread/WARN]: Mismatch in destroy block pos: gt{x=338, y=71, z=1746} gt{x=351, y=65, z=1678}
[06:36:06] [Server thread/WARN]: Mismatch in destroy block pos: gt{x=338, y=71, z=1746} gt{x=351, y=65, z=1678}
[06:37:42] [Server thread/WARN]: Mismatch in destroy block pos: gt{x=373, y=65, z=1679} gt{x=374, y=65, z=1679}
[06:37:42] [Server thread/WARN]: Mismatch in destroy block pos: gt{x=373, y=65, z=1679} gt{x=374, y=65, z=1679}
[06:37:42] [Server thread/WARN]: Mismatch in destroy block pos: gt{x=373, y=65, z=1679} gt{x=374, y=65, z=1679}
[06:38:57] [Server thread/INFO]: [hayatohayato: Set the weather to clear]
[06:44:03] [Server thread/INFO]: [hayatohayato: Set the weather to clear]
[06:49:24] [Server thread/INFO]: [hayatohayato: Set the weather to clear]
[06:49:46] [Server thread/WARN]: Mismatch in destroy block pos: gt{x=4, y=32, z=206} gt{x=3, y=26, z=212}
[06:49:46] [Server thread/WARN]: Mismatch in destroy block pos: gt{x=4, y=32, z=206} gt{x=3, y=26, z=212}
[06:49:46] [Server thread/WARN]: Mismatch in destroy block pos: gt{x=4, y=32, z=206} gt{x=3, y=26, z=212}
[06:54:27] [Server thread/INFO]: [hayatohayato: Set the weather to clear]
[06:59:30] [Server thread/INFO]: [hayatohayato: Set the weather to clear]
[07:01:16] [Server thread/WARN]: Mismatch in destroy block pos: gt{x=-40, y=17, z=236} gt{x=-34, y=13, z=235}
[07:01:16] [Server thread/WARN]: Mismatch in destroy block pos: gt{x=-40, y=17, z=236} gt{x=-34, y=13, z=235}
[07:01:16] [Server thread/WARN]: Mismatch in destroy block pos: gt{x=-40, y=17, z=236} gt{x=-34, y=13, z=235}
[07:04:32] [Server thread/INFO]: [hayatohayato: Set the weather to clear]
[07:08:29] [Server thread/WARN]: Mismatch in destroy block pos: gt{x=-9, y=13, z=247} gt{x=-11, y=13, z=247}
[07:08:29] [Server thread/WARN]: Mismatch in destroy block pos: gt{x=-9, y=13, z=247} gt{x=-11, y=13, z=247}
[07:08:29] [Server thread/WARN]: Mismatch in destroy block pos: gt{x=-9, y=13, z=247} gt{x=-11, y=13, z=247}
[07:09:43] [Server thread/INFO]: [hayatohayato: Set the weather to clear]
[07:12:02] [Server thread/WARN]: Mismatch in destroy block pos: gt{x=-46, y=14, z=253} gt{x=-32, y=13, z=253}
[07:12:02] [Server thread/WARN]: Mismatch in destroy block pos: gt{x=-46, y=14, z=253} gt{x=-32, y=13, z=253}
[07:12:02] [Server thread/WARN]: Mismatch in destroy block pos: gt{x=-46, y=14, z=253} gt{x=-32, y=13, z=253}
[07:14:46] [Server thread/INFO]: [hayatohayato: Set the weather to clear]
[07:19:49] [Server thread/INFO]: [hayatohayato: Set the weather to clear]
[07:24:52] [Server thread/INFO]: [hayatohayato: Set the weather to clear]
[07:29:56] [Server thread/INFO]: [hayatohayato: Set the weather to clear]
[07:35:00] [Server thread/INFO]: [hayatohayato: Set the weather to clear]
[07:40:06] [Server thread/INFO]: [hayatohayato: Set the weather to clear]
[07:47:34] [Server thread/INFO]: [hayatohayato: Set the weather to clear]
[07:48:24] [Server thread/INFO]: hayatohayato lost connection: Disconnected
[07:48:24] [Server thread/INFO]: hayatohayato left the game
[10:05:46] [User Authenticator #6/INFO]: UUID of player tantanpanda0513 is ef5e7c02-8b94-4b4d-a3a1-14c1cdd92a19
[10:05:46] [Server thread/INFO]: tantanpanda0513[/223.217.126.198:54947] logged in with entity id 403505 at (343.30000001192093, 65.5625, 1750.300000011921)
[10:05:46] [Server thread/INFO]: tantanpanda0513 joined the game
[10:06:01] [Server thread/INFO]: tantanpanda0513 lost connection: Disconnected
[10:06:01] [Server thread/INFO]: tantanpanda0513 left the game
[10:06:04] [User Authenticator #7/INFO]: UUID of player tantanpanda0513 is ef5e7c02-8b94-4b4d-a3a1-14c1cdd92a19
[10:06:04] [Server thread/INFO]: tantanpanda0513[/223.217.126.198:59376] logged in with entity id 403564 at (343.30000001192093, 65.5625, 1750.300000011921)
[10:06:04] [Server thread/INFO]: tantanpanda0513 joined the game
[10:31:58] [Server thread/INFO]: tantanpanda0513 has made the advancement [Remote Getaway]
[12:04:39] [Server thread/WARN]: Mismatch in destroy block pos: gt{x=-223, y=66, z=1659} gt{x=-224, y=66, z=1659}
[12:19:11] [Server thread/INFO]: Villager bss['Nitwit'/428011, l='ServerLevel[world]', x=359.95, y=70.75, z=1872.30] died, message: 'Nitwit was slain by tenpensizimi'
[12:53:51] [Server thread/WARN]: Boat (vehicle of tantanpanda0513) moved wrongly! 0.5561336814418609
[12:58:48] [Server thread/WARN]: Mismatch in destroy block pos: gt{x=376, y=83, z=1891} gt{x=373, y=81, z=1889}
[13:02:41] [Server thread/INFO]: Villager bss['Nitwit'/453032, l='ServerLevel[world]', x=1852.72, y=79.50, z=2434.63] died, message: 'Nitwit suffocated in a wall'
[13:03:49] [Server thread/INFO]: Villager bss['Villager'/454018, l='ServerLevel[world]', x=2391.37, y=65.00, z=2389.72] died, message: 'Villager suffocated in a wall'
[13:03:49] [Server thread/INFO]: Villager bss['Villager'/454019, l='ServerLevel[world]', x=2399.37, y=64.56, z=2389.72] died, message: 'Villager suffocated in a wall'
[13:20:03] [Server thread/INFO]: Villager bss['Villager'/466091, l='ServerLevel[world]', x=2396.63, y=63.56, z=2334.28] died, message: 'Villager suffocated in a wall'
[13:25:20] [Server thread/INFO]: Villager bss['Villager'/469643, l='ServerLevel[world]', x=3473.17, y=81.56, z=2273.70] died, message: 'Villager suffocated in a wall'
[13:36:51] [Server thread/WARN]: Mismatch in destroy block pos: gt{x=3862, y=62, z=3538} gt{x=3861, y=62, z=3538}
[13:44:50] [Server thread/WARN]: Can't keep up! Is the server overloaded? Running 17853ms or 357 ticks behind
[13:44:50] [Server thread/WARN]: tenpensizimi moved too quickly! 9.672721104258983,2.7531999805212024,-0.21508643041465803
[14:11:07] [Server thread/WARN]: Mismatch in destroy block pos: gt{x=342, y=74, z=1891} gt{x=343, y=73, z=1891}
[14:11:07] [Server thread/WARN]: Mismatch in destroy block pos: gt{x=342, y=74, z=1891} gt{x=343, y=73, z=1891}
[14:11:08] [Server thread/WARN]: Mismatch in destroy block pos: gt{x=345, y=71, z=1891} gt{x=346, y=70, z=1891}
[14:12:21] [Server thread/WARN]: Mismatch in destroy block pos: gt{x=355, y=78, z=1873} gt{x=356, y=74, z=1876}
[14:12:22] [Server thread/WARN]: Boat (vehicle of tantanpanda0513) moved wrongly! 0.36606353386423507
[14:12:22] [Server thread/WARN]: Boat (vehicle of tantanpanda0513) moved wrongly! 0.317920514953812
[14:12:22] [Server thread/WARN]: Boat (vehicle of tantanpanda0513) moved wrongly! 0.2681157698250445
[14:12:24] [Server thread/WARN]: Mismatch in destroy block pos: gt{x=356, y=74, z=1877} gt{x=356, y=73, z=1878}
[14:12:24] [Server thread/WARN]: Mismatch in destroy block pos: gt{x=356, y=74, z=1877} gt{x=356, y=73, z=1878}
[14:12:24] [Server thread/WARN]: Mismatch in destroy block pos: gt{x=356, y=72, z=1878} gt{x=356, y=73, z=1878}
[14:25:07] [Server thread/WARN]: Mismatch in destroy block pos: gt{x=370, y=77, z=1888} gt{x=372, y=70, z=1889}
[14:45:41] [Server thread/WARN]: Mismatch in destroy block pos: gt{x=355, y=74, z=1878} gt{x=355, y=73, z=1879}
[14:46:36] [Server thread/WARN]: Mismatch in destroy block pos: gt{x=369, y=73, z=1891} gt{x=369, y=72, z=1891}
[14:46:36] [Server thread/WARN]: Mismatch in destroy block pos: gt{x=369, y=73, z=1891} gt{x=369, y=72, z=1891}
[14:46:36] [Server thread/WARN]: Mismatch in destroy block pos: gt{x=370, y=72, z=1891} gt{x=369, y=72, z=1891}
[14:48:57] [Server thread/INFO]: Villager bss['Villager'/392976, l='ServerLevel[world]', x=338.31, y=73.00, z=1850.21] died, message: 'Villager was slain by Zombie'
[14:49:05] [Server thread/INFO]: Villager bss['Villager'/393026, l='ServerLevel[world]', x=332.70, y=73.00, z=1851.27] died, message: 'Villager was slain by Zombie Villager'
[14:49:24] [Server thread/INFO]: Villager bss['Villager'/392982, l='ServerLevel[world]', x=335.04, y=73.88, z=1841.35] died, message: 'Villager was slain by Zombie Villager'
[14:49:30] [Server thread/INFO]: Villager bss['Villager'/392980, l='ServerLevel[world]', x=334.70, y=73.56, z=1851.19] died, message: 'Villager was slain by Zombie Villager'
[14:49:32] [Server thread/INFO]: Villager bss['Villager'/392978, l='ServerLevel[world]', x=337.95, y=73.00, z=1849.01] died, message: 'Villager was slain by Zombie Villager'
[14:49:49] [Server thread/INFO]: Villager bss['Villager'/392983, l='ServerLevel[world]', x=334.30, y=73.56, z=1851.10] died, message: 'Villager was slain by Zombie Villager'
[14:50:07] [Server thread/INFO]: Villager bss['Villager'/393025, l='ServerLevel[world]', x=333.55, y=74.00, z=1841.45] died, message: 'Villager was slain by Zombie Villager'
[14:50:13] [Server thread/INFO]: Villager bss['Villager'/393016, l='ServerLevel[world]', x=332.86, y=73.00, z=1849.42] died, message: 'Villager was slain by Zombie Villager'
[14:54:40] [Server thread/WARN]: Mismatch in destroy block pos: gt{x=380, y=69, z=1900} gt{x=366, y=77, z=1906}
[14:54:45] [Server thread/WARN]: Mismatch in destroy block pos: gt{x=368, y=73, z=1903} gt{x=368, y=72, z=1902}
[14:54:45] [Server thread/WARN]: Mismatch in destroy block pos: gt{x=368, y=72, z=1903} gt{x=368, y=72, z=1902}
[15:03:37] [Server thread/WARN]: Mismatch in destroy block pos: gt{x=352, y=80, z=1892} gt{x=352, y=76, z=1893}
[15:03:38] [Server thread/WARN]: Mismatch in destroy block pos: gt{x=352, y=80, z=1892} gt{x=352, y=76, z=1893}
[15:03:38] [Server thread/WARN]: Mismatch in destroy block pos: gt{x=352, y=80, z=1892} gt{x=352, y=76, z=1893}
[15:12:04] [Server thread/INFO]: tantanpanda0513 was slain by Vex
[15:19:12] [Server thread/INFO]: tantanpanda0513 was slain by Vex
[15:19:14] [Server thread/WARN]: tantanpanda0513 moved too quickly! 4.58116628134826,24.0,64.26249998807907
[16:06:48] [Server thread/WARN]: Mismatch in destroy block pos: gt{x=-1238, y=65, z=1563} gt{x=-1237, y=63, z=1564}
[16:11:49] [Server thread/WARN]: Mismatch in destroy block pos: gt{x=-1249, y=64, z=1580} gt{x=-1247, y=64, z=1582}
[16:11:55] [User Authenticator #8/INFO]: UUID of player hayatohayato is cafa7c4f-4283-4d4e-b981-702bb732921a
[16:11:55] [Server thread/INFO]: hayatohayato[/127.0.0.1:61105] logged in with entity id 543403 at (344.12336251902, 71.0, 1752.4804943465701)
[16:11:55] [Server thread/INFO]: hayatohayato joined the game
[16:12:03] [Server thread/WARN]: Mismatch in destroy block pos: gt{x=-1246, y=65, z=1556} gt{x=-1245, y=63, z=1555}
[16:38:12] [Server thread/INFO]: <tenpensizimi> t
[16:38:30] [Server thread/INFO]: <tenpensizimi> rrrr
[16:38:54] [Server thread/INFO]: <hayatohayato> -9095338752773505586
[16:52:32] [Server thread/WARN]: Mismatch in destroy block pos: gt{x=-1258, y=63, z=1543} gt{x=-1258, y=64, z=1544}
[16:52:37] [Server thread/WARN]: Mismatch in destroy block pos: gt{x=-1256, y=62, z=1536} gt{x=-1256, y=60, z=1536}
[16:57:00] [Server thread/WARN]: Mismatch in destroy block pos: gt{x=35, y=78, z=284} gt{x=35, y=79, z=283}
[17:08:36] [Server thread/WARN]: Mismatch in destroy block pos: gt{x=193, y=84, z=-534} gt{x=194, y=85, z=-534}
[17:08:36] [Server thread/WARN]: Mismatch in destroy block pos: gt{x=194, y=84, z=-534} gt{x=194, y=85, z=-534}
[17:08:36] [Server thread/WARN]: Mismatch in destroy block pos: gt{x=194, y=84, z=-534} gt{x=194, y=85, z=-534}
[17:08:36] [Server thread/WARN]: Mismatch in destroy block pos: gt{x=194, y=84, z=-534} gt{x=194, y=85, z=-534}
[17:12:02] [Server thread/INFO]: hayatohayato has made the advancement [Ice Bucket Challenge]
[17:34:44] [Server thread/INFO]: tantanpanda0513 was slain by Vex
[17:34:55] [Server thread/INFO]: tantanpanda0513 was slain by Vex
[17:35:08] [Server thread/INFO]: tantanpanda0513 was slain by Vex
[17:41:17] [Server thread/INFO]: tantanpanda0513 has reached the goal [Postmortal]
[17:43:29] [Server thread/INFO]: tantanpanda0513 was slain by Vex
[17:43:44] [Server thread/INFO]: tantanpanda0513 was slain by Vex
[17:43:45] [Server thread/INFO]: tenpensizimi was slain by Piglin Brute
[17:43:53] [Server thread/INFO]: tantanpanda0513 was slain by Vex
[17:45:50] [Server thread/INFO]: tenpensizimi fell from a high place
[17:50:03] [Server thread/INFO]: tenpensizimi was slain by Piglin Brute
[17:53:39] [Server thread/WARN]: Mismatch in destroy block pos: gt{x=2752, y=64, z=4154} gt{x=2758, y=63, z=4154}
[17:54:42] [Server thread/INFO]: tenpensizimi has made the advancement [Who is Cutting Onions?]
[17:54:44] [Server thread/INFO]: tenpensizimi was slain by Piglin Brute
[17:59:28] [Server thread/WARN]: Mismatch in destroy block pos: gt{x=2748, y=68, z=4159} gt{x=2750, y=64, z=4151}
[17:59:38] [Server thread/WARN]: Mismatch in destroy block pos: gt{x=2750, y=66, z=4149} gt{x=2749, y=66, z=4150}
[17:59:38] [Server thread/WARN]: Mismatch in destroy block pos: gt{x=2750, y=66, z=4149} gt{x=2749, y=66, z=4150}
[17:59:43] [Server thread/WARN]: Mismatch in destroy block pos: gt{x=2746, y=65, z=4147} gt{x=2746, y=64, z=4148}
[17:59:49] [Server thread/WARN]: Mismatch in destroy block pos: gt{x=2746, y=61, z=4150} gt{x=2744, y=63, z=4149}
[17:59:50] [Server thread/WARN]: Mismatch in destroy block pos: gt{x=2746, y=61, z=4150} gt{x=2744, y=63, z=4149}
[17:59:52] [Server thread/WARN]: Mismatch in destroy block pos: gt{x=2746, y=63, z=4149} gt{x=2748, y=66, z=4148}
[17:59:52] [Server thread/WARN]: Mismatch in destroy block pos: gt{x=2746, y=63, z=4149} gt{x=2748, y=66, z=4148}
[17:59:52] [Server thread/WARN]: Mismatch in destroy block pos: gt{x=2746, y=63, z=4149} gt{x=2748, y=66, z=4148}
[17:59:53] [Server thread/WARN]: Mismatch in destroy block pos: gt{x=2746, y=63, z=4149} gt{x=2748, y=66, z=4148}
[17:59:53] [Server thread/WARN]: Mismatch in destroy block pos: gt{x=2746, y=63, z=4149} gt{x=2748, y=66, z=4148}
[17:59:53] [Server thread/WARN]: Mismatch in destroy block pos: gt{x=2746, y=63, z=4149} gt{x=2748, y=66, z=4148}
[17:59:53] [Server thread/WARN]: Mismatch in destroy block pos: gt{x=2746, y=63, z=4149} gt{x=2748, y=66, z=4148}
[17:59:53] [Server thread/WARN]: Mismatch in destroy block pos: gt{x=2746, y=63, z=4149} gt{x=2748, y=66, z=4148}
[18:00:20] [Server thread/WARN]: Mismatch in destroy block pos: gt{x=2747, y=62, z=4156} gt{x=2748, y=62, z=4157}
[18:02:26] [Server thread/WARN]: Mismatch in destroy block pos: gt{x=2733, y=67, z=4150} gt{x=2733, y=66, z=4150}
[18:02:37] [Server thread/WARN]: Mismatch in destroy block pos: gt{x=2742, y=64, z=4148} gt{x=2740, y=67, z=4147}
[18:02:37] [Server thread/WARN]: Mismatch in destroy block pos: gt{x=2742, y=64, z=4148} gt{x=2740, y=67, z=4147}
[18:03:09] [Server thread/WARN]: Mismatch in destroy block pos: gt{x=2734, y=71, z=4142} gt{x=2734, y=70, z=4141}
[18:03:21] [Server thread/WARN]: Mismatch in destroy block pos: gt{x=2742, y=69, z=4145} gt{x=2741, y=69, z=4145}
[18:03:21] [Server thread/WARN]: Mismatch in destroy block pos: gt{x=2742, y=69, z=4145} gt{x=2741, y=69, z=4145}
[18:03:37] [Server thread/WARN]: Mismatch in destroy block pos: gt{x=2747, y=65, z=4147} gt{x=2746, y=64, z=4147}
[18:03:57] [Server thread/WARN]: Mismatch in destroy block pos: gt{x=2746, y=70, z=4140} gt{x=2746, y=71, z=4140}
[18:03:57] [Server thread/WARN]: Mismatch in destroy block pos: gt{x=2746, y=70, z=4140} gt{x=2746, y=71, z=4140}
[18:04:10] [Server thread/WARN]: Mismatch in destroy block pos: gt{x=2760, y=65, z=4139} gt{x=2759, y=65, z=4139}
[18:04:18] [Server thread/WARN]: Mismatch in destroy block pos: gt{x=2760, y=65, z=4144} gt{x=2760, y=64, z=4145}
[18:04:19] [Server thread/WARN]: Mismatch in destroy block pos: gt{x=2760, y=64, z=4146} gt{x=2760, y=65, z=4147}
[18:04:19] [Server thread/WARN]: Mismatch in destroy block pos: gt{x=2760, y=64, z=4146} gt{x=2760, y=66, z=4146}
[18:04:19] [Server thread/WARN]: Mismatch in destroy block pos: gt{x=2760, y=64, z=4146} gt{x=2760, y=66, z=4146}
[18:04:23] [Server thread/WARN]: Mismatch in destroy block pos: gt{x=2755, y=64, z=4147} gt{x=2756, y=64, z=4147}
[18:04:50] [Server thread/WARN]: Mismatch in destroy block pos: gt{x=2757, y=65, z=4140} gt{x=2745, y=71, z=4142}
[18:04:51] [Server thread/WARN]: Mismatch in destroy block pos: gt{x=2757, y=65, z=4140} gt{x=2745, y=72, z=4140}
[18:05:20] [Server thread/WARN]: Mismatch in destroy block pos: gt{x=2757, y=69, z=4138} gt{x=2760, y=66, z=4138}
[18:06:51] [Server thread/INFO]: hayatohayato has made the advancement [Who is Cutting Onions?]
[18:06:54] [Server thread/WARN]: Mismatch in destroy block pos: gt{x=2803, y=73, z=4003} gt{x=2803, y=73, z=4002}
[18:15:25] [Server thread/WARN]: Mismatch in destroy block pos: gt{x=2720, y=66, z=4157} gt{x=2720, y=64, z=4157}
[18:15:25] [Server thread/WARN]: Mismatch in destroy block pos: gt{x=2720, y=66, z=4157} gt{x=2720, y=65, z=4158}
[18:15:25] [Server thread/WARN]: Mismatch in destroy block pos: gt{x=2720, y=66, z=4157} gt{x=2720, y=65, z=4158}
[18:15:25] [Server thread/WARN]: Mismatch in destroy block pos: gt{x=2720, y=66, z=4157} gt{x=2720, y=65, z=4158}
[18:15:25] [Server thread/WARN]: Mismatch in destroy block pos: gt{x=2720, y=66, z=4157} gt{x=2720, y=65, z=4158}
[18:15:25] [Server thread/WARN]: Mismatch in destroy block pos: gt{x=2720, y=66, z=4157} gt{x=2720, y=65, z=4158}
[18:15:25] [Server thread/WARN]: Mismatch in destroy block pos: gt{x=2720, y=66, z=4157} gt{x=2720, y=65, z=4158}
[18:16:07] [Server thread/WARN]: Mismatch in destroy block pos: gt{x=2716, y=67, z=4152} gt{x=2716, y=66, z=4153}
[18:16:23] [Server thread/WARN]: Mismatch in destroy block pos: gt{x=2718, y=65, z=4151} gt{x=2719, y=65, z=4150}
[18:16:23] [Server thread/WARN]: Mismatch in destroy block pos: gt{x=2718, y=65, z=4151} gt{x=2719, y=65, z=4150}
[18:16:23] [Server thread/WARN]: Mismatch in destroy block pos: gt{x=2718, y=65, z=4151} gt{x=2719, y=65, z=4150}
[18:16:24] [Server thread/WARN]: Mismatch in destroy block pos: gt{x=2720, y=63, z=4147} gt{x=2720, y=63, z=4148}
[18:16:25] [Server thread/WARN]: Mismatch in destroy block pos: gt{x=2720, y=63, z=4147} gt{x=2720, y=63, z=4148}
[18:16:25] [Server thread/WARN]: Mismatch in destroy block pos: gt{x=2720, y=63, z=4147} gt{x=2720, y=63, z=4148}
[18:16:27] [Server thread/WARN]: Mismatch in destroy block pos: gt{x=2718, y=62, z=4146} gt{x=2718, y=62, z=4147}
[18:16:27] [Server thread/WARN]: Mismatch in destroy block pos: gt{x=2718, y=62, z=4146} gt{x=2718, y=62, z=4147}
[18:16:27] [Server thread/WARN]: Mismatch in destroy block pos: gt{x=2718, y=62, z=4146} gt{x=2718, y=62, z=4147}
[18:16:29] [Server thread/WARN]: Mismatch in destroy block pos: gt{x=2718, y=62, z=4146} gt{x=2717, y=63, z=4147}
[18:16:29] [Server thread/WARN]: Mismatch in destroy block pos: gt{x=2718, y=62, z=4146} gt{x=2717, y=63, z=4147}
[18:16:52] [Server thread/WARN]: Mismatch in destroy block pos: gt{x=2724, y=68, z=4139} gt{x=2725, y=68, z=4137}
[18:16:52] [Server thread/WARN]: Mismatch in destroy block pos: gt{x=2724, y=68, z=4139} gt{x=2725, y=68, z=4137}
[18:17:02] [Server thread/WARN]: Mismatch in destroy block pos: gt{x=2729, y=69, z=4136} gt{x=2730, y=72, z=4135}
[18:17:02] [Server thread/WARN]: Mismatch in destroy block pos: gt{x=2729, y=69, z=4136} gt{x=2730, y=72, z=4135}
[18:17:02] [Server thread/WARN]: Mismatch in destroy block pos: gt{x=2729, y=69, z=4136} gt{x=2730, y=72, z=4135}
[18:17:02] [Server thread/WARN]: Mismatch in destroy block pos: gt{x=2729, y=69, z=4136} gt{x=2730, y=72, z=4135}
[18:17:02] [Server thread/WARN]: Mismatch in destroy block pos: gt{x=2729, y=69, z=4136} gt{x=2730, y=72, z=4135}
[18:17:34] [Server thread/WARN]: Mismatch in destroy block pos: gt{x=2728, y=74, z=4131} gt{x=2728, y=73, z=4132}
[18:17:37] [Server thread/WARN]: Mismatch in destroy block pos: gt{x=2732, y=76, z=4131} gt{x=2730, y=75, z=4133}
[18:17:37] [Server thread/WARN]: Mismatch in destroy block pos: gt{x=2732, y=76, z=4131} gt{x=2730, y=75, z=4133}
[18:17:37] [Server thread/WARN]: Mismatch in destroy block pos: gt{x=2732, y=76, z=4131} gt{x=2730, y=75, z=4133}
[18:17:37] [Server thread/WARN]: Mismatch in destroy block pos: gt{x=2732, y=76, z=4131} gt{x=2730, y=75, z=4133}
[18:17:37] [Server thread/WARN]: Mismatch in destroy block pos: gt{x=2732, y=76, z=4131} gt{x=2730, y=75, z=4133}
[18:17:37] [Server thread/WARN]: Mismatch in destroy block pos: gt{x=2732, y=76, z=4131} gt{x=2730, y=75, z=4133}
[18:17:37] [Server thread/WARN]: Mismatch in destroy block pos: gt{x=2732, y=76, z=4131} gt{x=2730, y=75, z=4133}
[18:17:37] [Server thread/WARN]: Mismatch in destroy block pos: gt{x=2732, y=76, z=4131} gt{x=2730, y=75, z=4133}
[18:17:43] [Server thread/WARN]: Mismatch in destroy block pos: gt{x=2733, y=75, z=4131} gt{x=2732, y=76, z=4129}
[18:17:43] [Server thread/WARN]: Mismatch in destroy block pos: gt{x=2733, y=75, z=4131} gt{x=2732, y=76, z=4129}
[18:17:49] [Server thread/WARN]: Mismatch in destroy block pos: gt{x=2736, y=77, z=4128} gt{x=2736, y=76, z=4127}
[18:17:51] [Server thread/WARN]: Mismatch in destroy block pos: gt{x=2735, y=77, z=4130} gt{x=2735, y=77, z=4129}
[18:17:52] [Server thread/WARN]: Mismatch in destroy block pos: gt{x=2733, y=76, z=4130} gt{x=2734, y=76, z=4129}
[18:18:24] [Server thread/WARN]: Mismatch in destroy block pos: gt{x=2744, y=77, z=4132} gt{x=2744, y=78, z=4130}
[18:18:26] [Server thread/WARN]: Mismatch in destroy block pos: gt{x=2739, y=78, z=4133} gt{x=2740, y=77, z=4133}
[18:18:26] [Server thread/WARN]: Mismatch in destroy block pos: gt{x=2739, y=78, z=4133} gt{x=2740, y=77, z=4133}
[18:18:41] [Server thread/WARN]: Mismatch in destroy block pos: gt{x=2734, y=77, z=4137} gt{x=2734, y=76, z=4136}
[18:18:44] [Server thread/WARN]: Mismatch in destroy block pos: gt{x=2735, y=74, z=4140} gt{x=2734, y=74, z=4139}
[18:18:44] [Server thread/WARN]: Mismatch in destroy block pos: gt{x=2736, y=75, z=4140} gt{x=2735, y=74, z=4140}
[18:18:44] [Server thread/WARN]: Mismatch in destroy block pos: gt{x=2736, y=75, z=4140} gt{x=2735, y=74, z=4140}
[18:18:44] [Server thread/WARN]: Mismatch in destroy block pos: gt{x=2736, y=75, z=4140} gt{x=2735, y=74, z=4140}
[18:19:06] [Server thread/WARN]: Mismatch in destroy block pos: gt{x=2736, y=71, z=4141} gt{x=2738, y=62, z=4152}
[18:20:12] [Server thread/WARN]: Mismatch in destroy block pos: gt{x=2724, y=65, z=4154} gt{x=2721, y=63, z=4147}
[18:20:13] [Server thread/WARN]: Mismatch in destroy block pos: gt{x=2724, y=65, z=4154} gt{x=2721, y=63, z=4147}
[18:20:32] [Server thread/WARN]: Mismatch in destroy block pos: gt{x=2713, y=61, z=4144} gt{x=2713, y=61, z=4145}
[18:21:32] [Server thread/WARN]: Mismatch in destroy block pos: gt{x=2747, y=74, z=4133} gt{x=2745, y=76, z=4133}
[18:21:42] [Server thread/WARN]: Mismatch in destroy block pos: gt{x=2752, y=71, z=4135} gt{x=2751, y=71, z=4135}
[18:22:40] [Server thread/WARN]: Mismatch in destroy block pos: gt{x=2756, y=67, z=4109} gt{x=2758, y=66, z=4108}
[18:22:41] [Server thread/WARN]: Mismatch in destroy block pos: gt{x=2756, y=67, z=4109} gt{x=2755, y=67, z=4109}
[18:23:02] [Server thread/WARN]: Mismatch in destroy block pos: gt{x=2760, y=65, z=4107} gt{x=2761, y=65, z=4107}
[18:23:02] [Server thread/WARN]: Mismatch in destroy block pos: gt{x=2760, y=65, z=4107} gt{x=2761, y=65, z=4107}
[18:23:03] [Server thread/WARN]: Mismatch in destroy block pos: gt{x=2763, y=65, z=4110} gt{x=2762, y=64, z=4109}
[18:23:21] [Server thread/WARN]: Mismatch in destroy block pos: gt{x=2766, y=68, z=4105} gt{x=2766, y=66, z=4106}
[18:23:22] [Server thread/WARN]: Mismatch in destroy block pos: gt{x=2765, y=67, z=4107} gt{x=2764, y=67, z=4106}
[18:23:22] [Server thread/WARN]: Mismatch in destroy block pos: gt{x=2765, y=67, z=4107} gt{x=2764, y=67, z=4106}
[18:23:23] [Server thread/WARN]: Mismatch in destroy block pos: gt{x=2764, y=66, z=4106} gt{x=2765, y=67, z=4107}
[18:24:29] [Server thread/WARN]: Mismatch in destroy block pos: gt{x=2776, y=66, z=4101} gt{x=2774, y=66, z=4101}
[18:24:56] [Server thread/WARN]: Mismatch in destroy block pos: gt{x=2753, y=67, z=4111} gt{x=2755, y=66, z=4112}
[18:24:56] [Server thread/WARN]: Mismatch in destroy block pos: gt{x=2753, y=67, z=4111} gt{x=2755, y=66, z=4112}
[18:25:37] [Server thread/WARN]: Mismatch in destroy block pos: gt{x=2753, y=69, z=4131} gt{x=2751, y=73, z=4130}
[18:25:37] [Server thread/WARN]: Mismatch in destroy block pos: gt{x=2753, y=69, z=4131} gt{x=2751, y=73, z=4130}
[18:25:37] [Server thread/WARN]: Mismatch in destroy block pos: gt{x=2753, y=69, z=4131} gt{x=2751, y=73, z=4130}
[18:25:37] [Server thread/WARN]: Mismatch in destroy block pos: gt{x=2753, y=69, z=4131} gt{x=2751, y=73, z=4130}
[18:25:37] [Server thread/WARN]: Mismatch in destroy block pos: gt{x=2753, y=69, z=4131} gt{x=2751, y=73, z=4130}
[18:25:39] [Server thread/WARN]: Mismatch in destroy block pos: gt{x=2751, y=73, z=4128} gt{x=2750, y=73, z=4127}
[18:51:00] [Server thread/INFO]: tenpensizimi was slain by Piglin Brute
[18:54:23] [Server thread/INFO]: tenpensizimi was slain by Piglin Brute
[19:03:42] [Server thread/WARN]: Can't keep up! Is the server overloaded? Running 2614ms or 52 ticks behind
[19:14:11] [Server thread/WARN]: Mismatch in destroy block pos: gt{x=2738, y=83, z=4136} gt{x=2739, y=84, z=4136}
[19:14:11] [Server thread/WARN]: Mismatch in destroy block pos: gt{x=2738, y=83, z=4136} gt{x=2739, y=84, z=4136}
[19:14:54] [Server thread/WARN]: Mismatch in destroy block pos: gt{x=2744, y=78, z=4142} gt{x=2742, y=77, z=4141}
[19:14:55] [Server thread/WARN]: Mismatch in destroy block pos: gt{x=2744, y=79, z=4142} gt{x=2745, y=78, z=4142}
[19:15:33] [Server thread/WARN]: Mismatch in destroy block pos: gt{x=2750, y=76, z=4133} gt{x=2750, y=75, z=4133}
[19:16:08] [Server thread/WARN]: Mismatch in destroy block pos: gt{x=2758, y=68, z=4119} gt{x=2755, y=71, z=4121}
[19:16:53] [Server thread/WARN]: Mismatch in destroy block pos: gt{x=2768, y=71, z=4133} gt{x=2766, y=72, z=4133}
[19:17:40] [Server thread/WARN]: Mismatch in destroy block pos: gt{x=2744, y=82, z=4139} gt{x=2741, y=72, z=4144}
[19:24:53] [Server thread/WARN]: Mismatch in destroy block pos: gt{x=2727, y=77, z=4138} gt{x=2724, y=70, z=4138}
[19:24:53] [Server thread/WARN]: Mismatch in destroy block pos: gt{x=2727, y=77, z=4138} gt{x=2724, y=70, z=4138}
[19:26:34] [Server thread/WARN]: Mismatch in destroy block pos: gt{x=2748, y=78, z=4120} gt{x=2748, y=70, z=4114}
[19:26:46] [Server thread/WARN]: Mismatch in destroy block pos: gt{x=2755, y=72, z=4116} gt{x=2755, y=73, z=4117}
[19:26:46] [Server thread/WARN]: Mismatch in destroy block pos: gt{x=2755, y=72, z=4116} gt{x=2755, y=73, z=4117}
[19:26:46] [Server thread/WARN]: Mismatch in destroy block pos: gt{x=2755, y=72, z=4116} gt{x=2755, y=73, z=4117}
[19:28:20] [Server thread/WARN]: Mismatch in destroy block pos: gt{x=2737, y=76, z=4144} gt{x=2737, y=75, z=4145}
[19:31:03] [Server thread/INFO]: [hayatohayato: Set the weather to clear]
[19:35:01] [Server thread/INFO]: tenpensizimi has reached the goal [Hired Help]
[19:36:06] [Server thread/INFO]: [hayatohayato: Set the weather to clear]
[19:41:09] [Server thread/INFO]: [hayatohayato: Set the weather to clear]
[19:44:55] [Server thread/WARN]: Mismatch in destroy block pos: gt{x=2762, y=69, z=4136} gt{x=2762, y=68, z=4136}
[19:46:08] [Server thread/WARN]: Mismatch in destroy block pos: gt{x=2727, y=74, z=4147} gt{x=2727, y=74, z=4146}
[19:46:15] [Server thread/INFO]: [hayatohayato: Set the weather to clear]
[19:46:43] [Server thread/WARN]: Mismatch in destroy block pos: gt{x=2739, y=77, z=4139} gt{x=2732, y=76, z=4127}
[19:46:43] [Server thread/WARN]: Mismatch in destroy block pos: gt{x=2739, y=77, z=4139} gt{x=2732, y=76, z=4127}
[19:47:00] [Server thread/WARN]: Mismatch in destroy block pos: gt{x=2744, y=75, z=4124} gt{x=2750, y=74, z=4121}
[19:49:44] [Server thread/WARN]: Mismatch in destroy block pos: gt{x=2741, y=76, z=4159} gt{x=2741, y=74, z=4160}
[19:49:44] [Server thread/WARN]: Mismatch in destroy block pos: gt{x=2741, y=76, z=4159} gt{x=2741, y=74, z=4160}
[19:51:20] [Server thread/INFO]: [hayatohayato: Set the weather to clear]
[19:56:25] [Server thread/INFO]: [hayatohayato: Set the weather to clear]
[20:01:35] [Server thread/INFO]: [hayatohayato: Set the weather to clear]
[20:06:38] [Server thread/INFO]: [hayatohayato: Set the weather to clear]
[20:06:57] [Server thread/WARN]: hayatohayato moved too quickly! 0.5063215632826541,-6.959360251961371,7.17830586188029
[20:06:57] [Server thread/WARN]: tenpensizimi moved too quickly! 10.23250715598384,0.0,-0.02231156940058554
[20:06:57] [Server thread/WARN]: Can't keep up! Is the server overloaded? Running 2013ms or 40 ticks behind
[20:08:13] [Server thread/WARN]: Mismatch in destroy block pos: gt{x=2723, y=70, z=4146} gt{x=2721, y=69, z=4149}
[20:08:13] [Server thread/WARN]: Mismatch in destroy block pos: gt{x=2723, y=70, z=4146} gt{x=2721, y=69, z=4149}
[20:08:56] [Server thread/WARN]: Mismatch in destroy block pos: gt{x=2760, y=66, z=4114} gt{x=2759, y=65, z=4114}
[20:08:57] [Server thread/WARN]: Mismatch in destroy block pos: gt{x=2761, y=64, z=4112} gt{x=2760, y=64, z=4112}
[20:08:57] [Server thread/WARN]: Mismatch in destroy block pos: gt{x=2762, y=65, z=4112} gt{x=2761, y=65, z=4113}
[20:08:57] [Server thread/WARN]: Mismatch in destroy block pos: gt{x=2762, y=65, z=4112} gt{x=2761, y=65, z=4113}
[20:08:57] [Server thread/WARN]: Mismatch in destroy block pos: gt{x=2762, y=65, z=4112} gt{x=2761, y=65, z=4113}
[20:08:57] [Server thread/WARN]: Mismatch in destroy block pos: gt{x=2762, y=65, z=4112} gt{x=2761, y=65, z=4113}
[20:08:57] [Server thread/WARN]: Mismatch in destroy block pos: gt{x=2762, y=65, z=4112} gt{x=2761, y=65, z=4113}
[20:08:57] [Server thread/WARN]: Mismatch in destroy block pos: gt{x=2762, y=65, z=4112} gt{x=2761, y=65, z=4113}
[20:09:29] [Server thread/WARN]: Mismatch in destroy block pos: gt{x=2762, y=68, z=4125} gt{x=2763, y=67, z=4126}
[20:09:34] [Server thread/WARN]: Mismatch in destroy block pos: gt{x=2759, y=67, z=4120} gt{x=2758, y=68, z=4120}
[20:10:59] [Server thread/WARN]: Mismatch in destroy block pos: gt{x=2772, y=64, z=4133} gt{x=2773, y=63, z=4133}
[20:10:59] [Server thread/WARN]: Mismatch in destroy block pos: gt{x=2772, y=61, z=4135} gt{x=2772, y=63, z=4133}
[20:11:10] [Server thread/WARN]: Mismatch in destroy block pos: gt{x=2774, y=65, z=4115} gt{x=2774, y=67, z=4117}
[20:11:10] [Server thread/WARN]: Mismatch in destroy block pos: gt{x=2774, y=65, z=4115} gt{x=2774, y=67, z=4117}
[20:11:10] [Server thread/WARN]: Mismatch in destroy block pos: gt{x=2774, y=65, z=4115} gt{x=2774, y=67, z=4117}
[20:11:27] [Server thread/WARN]: Mismatch in destroy block pos: gt{x=2771, y=67, z=4110} gt{x=2771, y=66, z=4111}
[20:11:27] [Server thread/WARN]: Mismatch in destroy block pos: gt{x=2771, y=67, z=4110} gt{x=2771, y=66, z=4111}
[20:11:27] [Server thread/WARN]: Mismatch in destroy block pos: gt{x=2771, y=67, z=4110} gt{x=2771, y=66, z=4111}
[20:11:27] [Server thread/WARN]: Mismatch in destroy block pos: gt{x=2771, y=67, z=4110} gt{x=2771, y=66, z=4111}
[20:12:05] [Server thread/INFO]: [hayatohayato: Set the weather to clear]
[20:12:46] [Server thread/WARN]: Mismatch in destroy block pos: gt{x=2769, y=66, z=4120} gt{x=2769, y=66, z=4121}
[20:12:46] [Server thread/WARN]: Mismatch in destroy block pos: gt{x=2769, y=66, z=4120} gt{x=2769, y=66, z=4121}
[20:12:48] [Server thread/WARN]: Mismatch in destroy block pos: gt{x=2768, y=66, z=4118} gt{x=2769, y=66, z=4119}
[20:12:48] [Server thread/WARN]: Mismatch in destroy block pos: gt{x=2768, y=66, z=4118} gt{x=2769, y=66, z=4119}
[20:12:48] [Server thread/WARN]: Mismatch in destroy block pos: gt{x=2768, y=66, z=4118} gt{x=2769, y=66, z=4119}
[20:12:48] [Server thread/WARN]: Mismatch in destroy block pos: gt{x=2768, y=66, z=4118} gt{x=2769, y=66, z=4119}
[20:12:48] [Server thread/WARN]: Mismatch in destroy block pos: gt{x=2768, y=66, z=4118} gt{x=2769, y=66, z=4119}
[20:12:48] [Server thread/WARN]: Mismatch in destroy block pos: gt{x=2768, y=66, z=4118} gt{x=2769, y=66, z=4119}
[20:12:48] [Server thread/WARN]: Mismatch in destroy block pos: gt{x=2768, y=66, z=4118} gt{x=2769, y=66, z=4119}
[20:12:48] [Server thread/WARN]: Mismatch in destroy block pos: gt{x=2768, y=66, z=4118} gt{x=2769, y=66, z=4119}
[20:12:48] [Server thread/WARN]: Mismatch in destroy block pos: gt{x=2768, y=66, z=4118} gt{x=2769, y=66, z=4119}
[20:12:48] [Server thread/WARN]: Mismatch in destroy block pos: gt{x=2768, y=66, z=4118} gt{x=2769, y=66, z=4119}
[20:12:48] [Server thread/WARN]: Mismatch in destroy block pos: gt{x=2768, y=66, z=4118} gt{x=2769, y=66, z=4119}
[20:13:45] [Server thread/WARN]: Mismatch in destroy block pos: gt{x=2778, y=67, z=4115} gt{x=2778, y=65, z=4115}
[20:13:56] [Server thread/WARN]: Mismatch in destroy block pos: gt{x=2775, y=66, z=4118} gt{x=2776, y=66, z=4120}
[20:15:08] [Server thread/WARN]: Mismatch in destroy block pos: gt{x=2777, y=63, z=4130} gt{x=2777, y=62, z=4129}
[20:15:08] [Server thread/WARN]: Mismatch in destroy block pos: gt{x=2777, y=63, z=4130} gt{x=2777, y=62, z=4129}
[20:15:08] [Server thread/WARN]: Mismatch in destroy block pos: gt{x=2777, y=63, z=4130} gt{x=2777, y=62, z=4129}
[20:15:08] [Server thread/WARN]: Mismatch in destroy block pos: gt{x=2777, y=63, z=4130} gt{x=2777, y=62, z=4129}
[20:15:08] [Server thread/WARN]: Mismatch in destroy block pos: gt{x=2777, y=63, z=4130} gt{x=2777, y=62, z=4129}
[20:15:08] [Server thread/WARN]: Mismatch in destroy block pos: gt{x=2777, y=63, z=4130} gt{x=2777, y=62, z=4129}
[20:15:21] [Server thread/WARN]: Mismatch in destroy block pos: gt{x=2777, y=67, z=4126} gt{x=2776, y=66, z=4122}
[20:15:37] [Server thread/WARN]: Mismatch in destroy block pos: gt{x=2783, y=70, z=4101} gt{x=2784, y=69, z=4101}
[20:15:37] [Server thread/WARN]: Mismatch in destroy block pos: gt{x=2783, y=70, z=4101} gt{x=2784, y=69, z=4101}
[20:15:37] [Server thread/WARN]: Mismatch in destroy block pos: gt{x=2783, y=70, z=4101} gt{x=2784, y=69, z=4101}
[20:15:37] [Server thread/WARN]: Mismatch in destroy block pos: gt{x=2783, y=70, z=4101} gt{x=2784, y=69, z=4101}
[20:15:37] [Server thread/WARN]: Mismatch in destroy block pos: gt{x=2783, y=70, z=4101} gt{x=2784, y=69, z=4101}
[20:15:37] [Server thread/WARN]: Mismatch in destroy block pos: gt{x=2783, y=70, z=4101} gt{x=2784, y=69, z=4101}
[20:15:37] [Server thread/WARN]: Mismatch in destroy block pos: gt{x=2783, y=70, z=4101} gt{x=2784, y=69, z=4101}
[20:15:37] [Server thread/WARN]: Mismatch in destroy block pos: gt{x=2783, y=70, z=4101} gt{x=2784, y=69, z=4101}
[20:15:48] [Server thread/WARN]: Mismatch in destroy block pos: gt{x=2793, y=69, z=4103} gt{x=2792, y=68, z=4103}
[20:15:56] [Server thread/WARN]: Mismatch in destroy block pos: gt{x=2794, y=66, z=4118} gt{x=2794, y=67, z=4117}
[20:15:58] [Server thread/WARN]: Mismatch in destroy block pos: gt{x=2794, y=63, z=4121} gt{x=2794, y=64, z=4119}
[20:16:12] [Server thread/WARN]: Mismatch in destroy block pos: gt{x=2788, y=63, z=4124} gt{x=2788, y=64, z=4124}
[20:16:12] [Server thread/WARN]: Mismatch in destroy block pos: gt{x=2788, y=63, z=4124} gt{x=2788, y=64, z=4124}
[20:16:12] [Server thread/WARN]: Mismatch in destroy block pos: gt{x=2788, y=63, z=4124} gt{x=2788, y=64, z=4124}
[20:16:12] [Server thread/WARN]: Mismatch in destroy block pos: gt{x=2788, y=63, z=4124} gt{x=2788, y=64, z=4124}
[20:16:26] [Server thread/WARN]: Mismatch in destroy block pos: gt{x=2788, y=67, z=4120} gt{x=2788, y=68, z=4120}
[20:16:27] [Server thread/WARN]: Mismatch in destroy block pos: gt{x=2788, y=67, z=4120} gt{x=2788, y=68, z=4120}
[20:16:27] [Server thread/WARN]: Mismatch in destroy block pos: gt{x=2788, y=67, z=4120} gt{x=2788, y=68, z=4120}
[20:16:27] [Server thread/WARN]: Mismatch in destroy block pos: gt{x=2788, y=67, z=4120} gt{x=2788, y=68, z=4120}
[20:16:27] [Server thread/WARN]: Mismatch in destroy block pos: gt{x=2788, y=67, z=4120} gt{x=2788, y=68, z=4120}
[20:16:27] [Server thread/WARN]: Mismatch in destroy block pos: gt{x=2788, y=67, z=4120} gt{x=2788, y=68, z=4120}
[20:16:27] [Server thread/WARN]: Mismatch in destroy block pos: gt{x=2788, y=67, z=4120} gt{x=2788, y=68, z=4120}
[20:16:27] [Server thread/WARN]: Mismatch in destroy block pos: gt{x=2788, y=67, z=4120} gt{x=2788, y=68, z=4120}
[20:16:27] [Server thread/WARN]: Mismatch in destroy block pos: gt{x=2788, y=67, z=4120} gt{x=2788, y=68, z=4120}
[20:16:27] [Server thread/WARN]: Mismatch in destroy block pos: gt{x=2788, y=67, z=4120} gt{x=2788, y=68, z=4120}
[20:16:27] [Server thread/WARN]: Mismatch in destroy block pos: gt{x=2788, y=67, z=4120} gt{x=2787, y=68, z=4119}
[20:16:33] [Server thread/WARN]: Mismatch in destroy block pos: gt{x=2783, y=66, z=4118} gt{x=2781, y=69, z=4118}
[20:16:33] [Server thread/WARN]: Mismatch in destroy block pos: gt{x=2783, y=66, z=4118} gt{x=2781, y=69, z=4118}
[20:16:33] [Server thread/WARN]: Mismatch in destroy block pos: gt{x=2783, y=66, z=4118} gt{x=2781, y=69, z=4118}
[20:16:34] [Server thread/WARN]: Mismatch in destroy block pos: gt{x=2783, y=66, z=4118} gt{x=2781, y=69, z=4118}
[20:16:34] [Server thread/WARN]: Mismatch in destroy block pos: gt{x=2783, y=66, z=4118} gt{x=2781, y=69, z=4118}
[20:16:34] [Server thread/WARN]: Mismatch in destroy block pos: gt{x=2783, y=66, z=4118} gt{x=2781, y=69, z=4118}
[20:16:35] [Server thread/WARN]: Mismatch in destroy block pos: gt{x=2778, y=66, z=4118} gt{x=2779, y=66, z=4118}
[20:16:49] [Server thread/WARN]: Mismatch in destroy block pos: gt{x=2786, y=69, z=4110} gt{x=2785, y=68, z=4110}
[20:17:04] [Server thread/WARN]: Mismatch in destroy block pos: gt{x=2784, y=68, z=4108} gt{x=2785, y=67, z=4107}
[20:17:08] [Server thread/WARN]: Mismatch in destroy block pos: gt{x=2784, y=67, z=4108} gt{x=2785, y=70, z=4110}
[20:17:08] [Server thread/WARN]: Mismatch in destroy block pos: gt{x=2784, y=67, z=4108} gt{x=2785, y=70, z=4110}
[20:17:08] [Server thread/WARN]: Mismatch in destroy block pos: gt{x=2784, y=67, z=4108} gt{x=2785, y=70, z=4110}
[20:17:08] [Server thread/WARN]: Mismatch in destroy block pos: gt{x=2784, y=67, z=4108} gt{x=2785, y=70, z=4110}
[20:17:08] [Server thread/WARN]: Mismatch in destroy block pos: gt{x=2784, y=67, z=4108} gt{x=2785, y=70, z=4110}
[20:17:08] [Server thread/WARN]: Mismatch in destroy block pos: gt{x=2784, y=67, z=4108} gt{x=2785, y=70, z=4110}
[20:17:08] [Server thread/WARN]: Mismatch in destroy block pos: gt{x=2784, y=67, z=4108} gt{x=2785, y=70, z=4110}
[20:17:11] [Server thread/INFO]: [hayatohayato: Set the weather to clear]
[20:17:18] [Server thread/WARN]: Mismatch in destroy block pos: gt{x=2792, y=71, z=4113} gt{x=2792, y=70, z=4115}
[20:17:47] [Server thread/WARN]: Mismatch in destroy block pos: gt{x=2778, y=67, z=4120} gt{x=2778, y=66, z=4120}
[20:17:55] [Server thread/WARN]: Mismatch in destroy block pos: gt{x=2779, y=63, z=4129} gt{x=2778, y=62, z=4130}
[20:17:55] [Server thread/WARN]: Mismatch in destroy block pos: gt{x=2779, y=62, z=4129} gt{x=2779, y=61, z=4130}
[20:18:59] [Server thread/WARN]: Mismatch in destroy block pos: gt{x=2781, y=61, z=4132} gt{x=2795, y=70, z=4102}
[20:18:59] [Server thread/WARN]: Mismatch in destroy block pos: gt{x=2781, y=61, z=4132} gt{x=2795, y=70, z=4102}
[20:18:59] [Server thread/WARN]: Mismatch in destroy block pos: gt{x=2781, y=61, z=4132} gt{x=2795, y=70, z=4102}
[20:19:33] [Server thread/WARN]: Mismatch in destroy block pos: gt{x=2823, y=66, z=4112} gt{x=2822, y=65, z=4111}
[20:20:20] [Server thread/WARN]: Mismatch in destroy block pos: gt{x=2825, y=62, z=4116} gt{x=2824, y=64, z=4115}
[20:20:21] [Server thread/INFO]: tenpensizimi has made the advancement [Bukkit Bukkit]
[20:20:54] [Server thread/WARN]: Mismatch in destroy block pos: gt{x=2811, y=62, z=4115} gt{x=2811, y=63, z=4114}
[20:20:54] [Server thread/WARN]: Mismatch in destroy block pos: gt{x=2811, y=62, z=4115} gt{x=2811, y=63, z=4114}
[20:21:01] [Server thread/WARN]: Mismatch in destroy block pos: gt{x=2806, y=68, z=4117} gt{x=2805, y=67, z=4117}
[20:21:04] [Server thread/WARN]: Mismatch in destroy block pos: gt{x=2803, y=68, z=4117} gt{x=2802, y=67, z=4117}
[20:21:05] [Server thread/WARN]: Mismatch in destroy block pos: gt{x=2802, y=70, z=4116} gt{x=2801, y=69, z=4116}
[20:22:15] [Server thread/INFO]: [hayatohayato: Set the weather to clear]
[20:24:05] [Server thread/WARN]: Mismatch in destroy block pos: gt{x=2814, y=66, z=4107} gt{x=2813, y=67, z=4107}
[20:24:11] [Server thread/WARN]: Mismatch in destroy block pos: gt{x=2817, y=67, z=4114} gt{x=2819, y=65, z=4111}
[20:24:51] [Server thread/WARN]: Mismatch in destroy block pos: gt{x=2797, y=68, z=4107} gt{x=2802, y=68, z=4107}
[20:24:51] [Server thread/WARN]: Mismatch in destroy block pos: gt{x=2797, y=68, z=4107} gt{x=2802, y=68, z=4107}
[20:24:51] [Server thread/WARN]: Mismatch in destroy block pos: gt{x=2797, y=68, z=4107} gt{x=2802, y=68, z=4107}
[20:24:51] [Server thread/WARN]: Mismatch in destroy block pos: gt{x=2797, y=68, z=4107} gt{x=2802, y=68, z=4107}
[20:25:07] [Server thread/WARN]: Mismatch in destroy block pos: gt{x=2816, y=65, z=4110} gt{x=2816, y=64, z=4109}
[20:25:16] [Server thread/WARN]: Mismatch in destroy block pos: gt{x=2813, y=63, z=4113} gt{x=2812, y=63, z=4112}
[20:25:16] [Server thread/WARN]: Mismatch in destroy block pos: gt{x=2813, y=63, z=4113} gt{x=2812, y=63, z=4112}
[20:25:16] [Server thread/WARN]: Mismatch in destroy block pos: gt{x=2813, y=63, z=4113} gt{x=2812, y=63, z=4112}
[20:25:16] [Server thread/WARN]: Mismatch in destroy block pos: gt{x=2813, y=63, z=4113} gt{x=2812, y=63, z=4112}
[20:25:16] [Server thread/WARN]: Mismatch in destroy block pos: gt{x=2813, y=63, z=4113} gt{x=2812, y=63, z=4112}
[20:25:16] [Server thread/WARN]: Mismatch in destroy block pos: gt{x=2813, y=63, z=4113} gt{x=2812, y=63, z=4112}
[20:25:19] [Server thread/WARN]: Mismatch in destroy block pos: gt{x=2811, y=61, z=4112} gt{x=2812, y=61, z=4112}
[20:25:19] [Server thread/WARN]: Mismatch in destroy block pos: gt{x=2811, y=61, z=4112} gt{x=2812, y=61, z=4112}
[20:25:19] [Server thread/WARN]: Mismatch in destroy block pos: gt{x=2811, y=61, z=4112} gt{x=2812, y=61, z=4112}
[20:26:20] [Server thread/WARN]: Mismatch in destroy block pos: gt{x=2799, y=71, z=4110} gt{x=2814, y=65, z=4119}
[20:26:20] [Server thread/WARN]: Mismatch in destroy block pos: gt{x=2799, y=71, z=4110} gt{x=2814, y=65, z=4119}
[20:26:20] [Server thread/WARN]: Mismatch in destroy block pos: gt{x=2799, y=71, z=4110} gt{x=2814, y=65, z=4119}
[20:26:22] [Server thread/WARN]: Mismatch in destroy block pos: gt{x=2814, y=64, z=4120} gt{x=2814, y=63, z=4120}
[20:26:22] [Server thread/WARN]: Mismatch in destroy block pos: gt{x=2814, y=64, z=4120} gt{x=2814, y=63, z=4120}
[20:26:22] [Server thread/WARN]: Mismatch in destroy block pos: gt{x=2814, y=64, z=4120} gt{x=2814, y=63, z=4120}
[20:26:22] [Server thread/WARN]: Mismatch in destroy block pos: gt{x=2814, y=64, z=4120} gt{x=2814, y=63, z=4120}
[20:26:22] [Server thread/WARN]: Mismatch in destroy block pos: gt{x=2814, y=64, z=4120} gt{x=2814, y=63, z=4120}
[20:26:22] [Server thread/WARN]: Mismatch in destroy block pos: gt{x=2814, y=64, z=4120} gt{x=2814, y=63, z=4120}
[20:26:38] [Server thread/WARN]: Mismatch in destroy block pos: gt{x=2807, y=66, z=4119} gt{x=2806, y=66, z=4118}
[20:26:38] [Server thread/WARN]: Mismatch in destroy block pos: gt{x=2807, y=66, z=4119} gt{x=2806, y=66, z=4118}
[20:26:38] [Server thread/WARN]: Mismatch in destroy block pos: gt{x=2807, y=66, z=4119} gt{x=2806, y=66, z=4118}
[20:26:50] [Server thread/WARN]: Mismatch in destroy block pos: gt{x=2798, y=64, z=4120} gt{x=2799, y=65, z=4120}
[20:26:51] [Server thread/WARN]: Mismatch in destroy block pos: gt{x=2800, y=64, z=4121} gt{x=2801, y=64, z=4122}
[20:26:53] [Server thread/WARN]: Mismatch in destroy block pos: gt{x=2806, y=64, z=4121} gt{x=2806, y=63, z=4121}
[20:27:22] [Server thread/INFO]: [hayatohayato: Set the weather to clear]
[20:27:55] [Server thread/WARN]: Mismatch in destroy block pos: gt{x=2806, y=61, z=4122} gt{x=2756, y=70, z=4128}
[20:28:10] [Server thread/WARN]: Mismatch in destroy block pos: gt{x=2754, y=70, z=4130} gt{x=2738, y=77, z=4130}
[20:32:37] [Server thread/INFO]: [hayatohayato: Set the weather to clear]
[20:35:44] [Server thread/INFO]: hayatohayato has made the advancement [A Seedy Place]
[20:37:41] [Server thread/INFO]: [hayatohayato: Set the weather to clear]
[20:39:26] [Server thread/INFO]: tenpensizimi was slain by Piglin Brute
[21:03:23] [Server thread/WARN]: tenpensizimi moved too quickly! -0.015814115208016233,-10.945106234669417,1.1231759831947867
[21:03:23] [Server thread/WARN]: Can't keep up! Is the server overloaded? Running 2157ms or 43 ticks behind
[21:03:59] [Server thread/INFO]: tantanpanda0513 lost connection: Disconnected
[21:03:59] [Server thread/INFO]: tantanpanda0513 left the game
[21:04:04] [Server thread/WARN]: Mismatch in destroy block pos: gt{x=2796, y=69, z=4097} gt{x=2796, y=71, z=4097}
[21:04:04] [Server thread/WARN]: Mismatch in destroy block pos: gt{x=2796, y=69, z=4097} gt{x=2796, y=71, z=4097}
[21:04:04] [Server thread/WARN]: Mismatch in destroy block pos: gt{x=2796, y=69, z=4097} gt{x=2796, y=71, z=4097}
[21:04:05] [Server thread/WARN]: Mismatch in destroy block pos: gt{x=2797, y=70, z=4095} gt{x=2797, y=71, z=4096}
[21:04:05] [Server thread/WARN]: Mismatch in destroy block pos: gt{x=2797, y=70, z=4095} gt{x=2797, y=71, z=4096}
[21:04:16] [Server thread/WARN]: Mismatch in destroy block pos: gt{x=2794, y=71, z=4100} gt{x=2795, y=69, z=4096}
[21:04:29] [Server thread/WARN]: Mismatch in destroy block pos: gt{x=2792, y=70, z=4095} gt{x=2792, y=72, z=4094}
[21:04:30] [Server thread/WARN]: Mismatch in destroy block pos: gt{x=2792, y=70, z=4095} gt{x=2792, y=72, z=4094}
[21:05:20] [Server thread/WARN]: Mismatch in destroy block pos: gt{x=2850, y=67, z=4096} gt{x=2850, y=66, z=4096}
[21:05:20] [Server thread/WARN]: Mismatch in destroy block pos: gt{x=2850, y=67, z=4096} gt{x=2850, y=66, z=4096}
[21:05:21] [Server thread/WARN]: Mismatch in destroy block pos: gt{x=2850, y=67, z=4096} gt{x=2850, y=66, z=4096}
[21:05:39] [Server thread/WARN]: Mismatch in destroy block pos: gt{x=2852, y=66, z=4097} gt{x=2852, y=67, z=4097}
[21:05:39] [Server thread/WARN]: Mismatch in destroy block pos: gt{x=2852, y=66, z=4097} gt{x=2852, y=67, z=4097}
[21:05:39] [Server thread/WARN]: Mismatch in destroy block pos: gt{x=2852, y=66, z=4097} gt{x=2852, y=67, z=4097}
[21:05:39] [Server thread/WARN]: Mismatch in destroy block pos: gt{x=2852, y=66, z=4097} gt{x=2852, y=67, z=4097}
[21:05:39] [Server thread/WARN]: Mismatch in destroy block pos: gt{x=2852, y=66, z=4097} gt{x=2852, y=67, z=4097}
[21:05:39] [Server thread/WARN]: Mismatch in destroy block pos: gt{x=2852, y=66, z=4097} gt{x=2852, y=67, z=4097}
[21:05:39] [Server thread/WARN]: Mismatch in destroy block pos: gt{x=2852, y=66, z=4097} gt{x=2852, y=67, z=4097}
[21:05:39] [Server thread/WARN]: Mismatch in destroy block pos: gt{x=2852, y=66, z=4097} gt{x=2852, y=67, z=4097}
[21:05:39] [Server thread/WARN]: Mismatch in destroy block pos: gt{x=2852, y=66, z=4097} gt{x=2852, y=67, z=4097}
[21:05:39] [Server thread/WARN]: Mismatch in destroy block pos: gt{x=2852, y=66, z=4097} gt{x=2852, y=67, z=4097}
[21:05:39] [Server thread/WARN]: Mismatch in destroy block pos: gt{x=2852, y=66, z=4097} gt{x=2852, y=67, z=4097}
[21:05:39] [Server thread/WARN]: Mismatch in destroy block pos: gt{x=2852, y=66, z=4097} gt{x=2852, y=67, z=4097}
[21:05:39] [Server thread/WARN]: Mismatch in destroy block pos: gt{x=2852, y=66, z=4097} gt{x=2852, y=67, z=4097}
[21:06:04] [Server thread/WARN]: Mismatch in destroy block pos: gt{x=2851, y=65, z=4111} gt{x=2851, y=66, z=4110}
[21:06:08] [Server thread/WARN]: Mismatch in destroy block pos: gt{x=2853, y=67, z=4116} gt{x=2853, y=64, z=4114}
[21:06:12] [Server thread/WARN]: Mismatch in destroy block pos: gt{x=2851, y=66, z=4119} gt{x=2851, y=67, z=4118}
[21:06:35] [Server thread/WARN]: Mismatch in destroy block pos: gt{x=2850, y=69, z=4108} gt{x=2850, y=68, z=4108}
[21:06:35] [Server thread/WARN]: Mismatch in destroy block pos: gt{x=2850, y=69, z=4108} gt{x=2850, y=68, z=4108}
[21:06:35] [Server thread/WARN]: Mismatch in destroy block pos: gt{x=2850, y=69, z=4108} gt{x=2850, y=68, z=4108}
[21:06:35] [Server thread/WARN]: Mismatch in destroy block pos: gt{x=2850, y=69, z=4108} gt{x=2850, y=68, z=4108}
[21:06:35] [Server thread/WARN]: Mismatch in destroy block pos: gt{x=2850, y=69, z=4108} gt{x=2850, y=68, z=4108}
[21:06:35] [Server thread/WARN]: Mismatch in destroy block pos: gt{x=2850, y=69, z=4108} gt{x=2850, y=68, z=4108}
[21:06:38] [Server thread/WARN]: Mismatch in destroy block pos: gt{x=2845, y=66, z=4107} gt{x=2845, y=66, z=4108}
[21:06:38] [Server thread/WARN]: Mismatch in destroy block pos: gt{x=2845, y=66, z=4107} gt{x=2845, y=66, z=4108}
[21:07:12] [Server thread/WARN]: Mismatch in destroy block pos: gt{x=2826, y=66, z=4098} gt{x=2825, y=67, z=4098}
[21:12:29] [Server thread/WARN]: Mismatch in destroy block pos: gt{x=2798, y=72, z=4098} gt{x=2799, y=71, z=4093}
[21:12:29] [Server thread/WARN]: Mismatch in destroy block pos: gt{x=2798, y=72, z=4098} gt{x=2799, y=71, z=4093}
[21:12:36] [Server thread/WARN]: Mismatch in destroy block pos: gt{x=2803, y=71, z=4091} gt{x=2801, y=72, z=4092}
[21:12:36] [Server thread/WARN]: Mismatch in destroy block pos: gt{x=2803, y=71, z=4091} gt{x=2801, y=72, z=4092}
[21:12:36] [Server thread/WARN]: Mismatch in destroy block pos: gt{x=2803, y=71, z=4091} gt{x=2801, y=72, z=4092}
[21:12:37] [Server thread/WARN]: Mismatch in destroy block pos: gt{x=2803, y=71, z=4091} gt{x=2801, y=72, z=4092}
[21:12:37] [Server thread/WARN]: Mismatch in destroy block pos: gt{x=2803, y=71, z=4091} gt{x=2801, y=72, z=4092}
[21:12:37] [Server thread/WARN]: Mismatch in destroy block pos: gt{x=2803, y=71, z=4091} gt{x=2801, y=72, z=4092}
[21:12:37] [Server thread/WARN]: Mismatch in destroy block pos: gt{x=2803, y=71, z=4091} gt{x=2801, y=72, z=4092}
[21:13:12] [Server thread/WARN]: Mismatch in destroy block pos: gt{x=2808, y=72, z=4082} gt{x=2807, y=72, z=4082}
[21:13:12] [Server thread/WARN]: Mismatch in destroy block pos: gt{x=2808, y=72, z=4082} gt{x=2807, y=72, z=4082}
[21:13:12] [Server thread/WARN]: Mismatch in destroy block pos: gt{x=2808, y=72, z=4082} gt{x=2807, y=72, z=4082}
[21:13:12] [Server thread/WARN]: Mismatch in destroy block pos: gt{x=2808, y=72, z=4082} gt{x=2807, y=72, z=4082}
[21:13:24] [Server thread/WARN]: Mismatch in destroy block pos: gt{x=2804, y=75, z=4077} gt{x=2810, y=71, z=4077}
[21:13:25] [Server thread/WARN]: Mismatch in destroy block pos: gt{x=2811, y=72, z=4078} gt{x=2810, y=70, z=4078}
[21:13:25] [Server thread/WARN]: Mismatch in destroy block pos: gt{x=2811, y=72, z=4078} gt{x=2811, y=71, z=4076}
[21:13:25] [Server thread/WARN]: Mismatch in destroy block pos: gt{x=2811, y=72, z=4078} gt{x=2811, y=71, z=4076}
[21:13:25] [Server thread/WARN]: Mismatch in destroy block pos: gt{x=2811, y=72, z=4078} gt{x=2811, y=71, z=4076}
[21:13:29] [Server thread/WARN]: Mismatch in destroy block pos: gt{x=2813, y=70, z=4072} gt{x=2812, y=69, z=4074}
[21:13:29] [Server thread/WARN]: Mismatch in destroy block pos: gt{x=2813, y=70, z=4072} gt{x=2812, y=69, z=4074}
[21:13:30] [Server thread/WARN]: Mismatch in destroy block pos: gt{x=2815, y=69, z=4072} gt{x=2814, y=68, z=4074}
[21:13:33] [Server thread/WARN]: Mismatch in destroy block pos: gt{x=2816, y=69, z=4069} gt{x=2817, y=69, z=4069}
[21:13:33] [Server thread/WARN]: Mismatch in destroy block pos: gt{x=2816, y=69, z=4069} gt{x=2817, y=69, z=4069}
[21:13:33] [Server thread/WARN]: Mismatch in destroy block pos: gt{x=2816, y=69, z=4069} gt{x=2817, y=69, z=4069}
[21:13:43] [Server thread/WARN]: Mismatch in destroy block pos: gt{x=2825, y=66, z=4068} gt{x=2824, y=65, z=4069}
[21:13:50] [Server thread/WARN]: Mismatch in destroy block pos: gt{x=2820, y=67, z=4072} gt{x=2821, y=66, z=4072}
[21:13:50] [Server thread/WARN]: Mismatch in destroy block pos: gt{x=2820, y=67, z=4072} gt{x=2821, y=68, z=4073}
[21:13:50] [Server thread/WARN]: Mismatch in destroy block pos: gt{x=2820, y=67, z=4072} gt{x=2821, y=68, z=4073}
[21:13:50] [Server thread/WARN]: Mismatch in destroy block pos: gt{x=2820, y=67, z=4072} gt{x=2821, y=68, z=4073}
[21:13:50] [Server thread/WARN]: Mismatch in destroy block pos: gt{x=2820, y=67, z=4072} gt{x=2821, y=68, z=4073}
[21:13:50] [Server thread/WARN]: Mismatch in destroy block pos: gt{x=2820, y=67, z=4072} gt{x=2821, y=68, z=4073}
[21:13:50] [Server thread/WARN]: Mismatch in destroy block pos: gt{x=2820, y=67, z=4072} gt{x=2821, y=68, z=4073}
[21:13:50] [Server thread/WARN]: Mismatch in destroy block pos: gt{x=2820, y=67, z=4072} gt{x=2821, y=68, z=4073}
[21:14:50] [Server thread/WARN]: Mismatch in destroy block pos: gt{x=2817, y=68, z=4093} gt{x=2817, y=70, z=4093}
[21:14:54] [Server thread/WARN]: Mismatch in destroy block pos: gt{x=2822, y=69, z=4093} gt{x=2820, y=68, z=4093}
[21:14:54] [Server thread/WARN]: Mismatch in destroy block pos: gt{x=2822, y=69, z=4093} gt{x=2820, y=68, z=4093}
[21:14:54] [Server thread/WARN]: Mismatch in destroy block pos: gt{x=2822, y=69, z=4093} gt{x=2820, y=68, z=4093}
[21:14:54] [Server thread/WARN]: Mismatch in destroy block pos: gt{x=2822, y=69, z=4093} gt{x=2820, y=68, z=4093}
[21:15:30] [Server thread/WARN]: Mismatch in destroy block pos: gt{x=2843, y=66, z=4094} gt{x=2845, y=66, z=4092}
[21:16:10] [Server thread/WARN]: Can't keep up! Is the server overloaded? Running 2160ms or 43 ticks behind
[21:18:01] [Server thread/WARN]: Mismatch in destroy block pos: gt{x=2816, y=71, z=4076} gt{x=2817, y=70, z=4076}
[21:18:01] [Server thread/WARN]: Mismatch in destroy block pos: gt{x=2816, y=71, z=4076} gt{x=2817, y=70, z=4076}
[21:18:11] [Server thread/WARN]: Mismatch in destroy block pos: gt{x=2821, y=68, z=4075} gt{x=2820, y=67, z=4075}
[21:18:28] [Server thread/WARN]: Mismatch in destroy block pos: gt{x=2826, y=68, z=4069} gt{x=2827, y=67, z=4070}
[21:18:50] [Server thread/WARN]: Mismatch in destroy block pos: gt{x=2829, y=68, z=4070} gt{x=2830, y=64, z=4069}
[21:19:11] [Server thread/WARN]: Mismatch in destroy block pos: gt{x=2833, y=65, z=4074} gt{x=2832, y=65, z=4075}
[21:19:11] [Server thread/WARN]: Mismatch in destroy block pos: gt{x=2833, y=65, z=4074} gt{x=2832, y=65, z=4075}
[21:19:33] [Server thread/WARN]: Mismatch in destroy block pos: gt{x=2837, y=66, z=4080} gt{x=2837, y=67, z=4079}
[21:19:33] [Server thread/WARN]: Mismatch in destroy block pos: gt{x=2837, y=66, z=4080} gt{x=2837, y=67, z=4079}
[21:19:33] [Server thread/WARN]: Mismatch in destroy block pos: gt{x=2837, y=66, z=4080} gt{x=2837, y=67, z=4079}
[21:19:33] [Server thread/WARN]: Mismatch in destroy block pos: gt{x=2837, y=66, z=4080} gt{x=2837, y=67, z=4079}
[21:19:35] [Server thread/WARN]: Mismatch in destroy block pos: gt{x=2836, y=67, z=4080} gt{x=2838, y=66, z=4079}
[21:19:35] [Server thread/WARN]: Mismatch in destroy block pos: gt{x=2836, y=67, z=4080} gt{x=2837, y=67, z=4082}
[21:19:42] [Server thread/WARN]: Mismatch in destroy block pos: gt{x=2832, y=68, z=4081} gt{x=2832, y=68, z=4080}
[21:19:42] [Server thread/WARN]: Mismatch in destroy block pos: gt{x=2832, y=68, z=4081} gt{x=2832, y=68, z=4080}
[21:19:42] [Server thread/WARN]: Mismatch in destroy block pos: gt{x=2832, y=68, z=4081} gt{x=2832, y=68, z=4080}
[21:20:04] [Server thread/WARN]: Mismatch in destroy block pos: gt{x=2836, y=63, z=4076} gt{x=2836, y=62, z=4076}
[21:20:05] [Server thread/WARN]: Mismatch in destroy block pos: gt{x=2836, y=63, z=4076} gt{x=2836, y=62, z=4076}
[21:24:52] [Server thread/WARN]: Mismatch in destroy block pos: gt{x=2850, y=62, z=4123} gt{x=2850, y=61, z=4122}
[21:24:52] [Server thread/WARN]: Mismatch in destroy block pos: gt{x=2850, y=62, z=4123} gt{x=2850, y=61, z=4122}
[21:25:58] [Server thread/WARN]: Can't keep up! Is the server overloaded? Running 2061ms or 41 ticks behind
[21:50:37] [Server thread/WARN]: Mismatch in destroy block pos: gt{x=364, y=63, z=1710} gt{x=361, y=64, z=1689}
[21:52:39] [Server thread/INFO]: tenpensizimi lost connection: Disconnected
[21:52:39] [Server thread/INFO]: tenpensizimi left the game
[21:53:03] [Server thread/INFO]: hayatohayato lost connection: Disconnected
[21:53:03] [Server thread/INFO]: hayatohayato left the game
[21:53:15] [Server thread/INFO]: Stopping the server
[21:53:15] [Server thread/INFO]: Stopping server
[21:53:15] [Server thread/INFO]: Saving players
[21:53:15] [Server thread/INFO]: Saving worlds
[21:53:17] [Server thread/INFO]: Saving chunks for level 'ServerLevel[world]'/minecraft:overworld
[21:53:17] [Server thread/INFO]: Saving chunks for level 'ServerLevel[world]'/minecraft:the_end
[21:53:17] [Server thread/INFO]: Saving chunks for level 'ServerLevel[world]'/minecraft:the_nether
[21:53:17] [Server thread/INFO]: ThreadedAnvilChunkStorage (world): All chunks are saved
[21:53:17] [Server thread/INFO]: ThreadedAnvilChunkStorage (DIM1): All chunks are saved
[21:53:17] [Server thread/INFO]: ThreadedAnvilChunkStorage (DIM-1): All chunks are saved
[21:53:17] [Server thread/INFO]: ThreadedAnvilChunkStorage: All dimensions are saved
